<html xmlns:math="http://exslt.org/math" xmlns:testng="http://testng.org">
   <head>
      <title>TestNG Results</title>
      <meta http-equiv="content-type" content="text/html; charset=utf-8"></meta>
      <meta http-equiv="pragma" content="no-cache"></meta>
      <meta http-equiv="cache-control" content="max-age=0"></meta>
      <meta http-equiv="cache-control" content="no-cache"></meta>
      <meta http-equiv="cache-control" content="no-store"></meta>
      <LINK rel="stylesheet" href="style.css"></LINK>
      <script type="text/javascript" src="main.js"></script>
   </head>
   <body>
      <table width="100%" style="font-size: 16px; margin-bottom: 10px;" cellspacing="1">
         <tr>
            <td width="100%">
               All methods in suite
               
               <b>Pleygo</b>
            </td>
            <td style="background-color: #FFBBBB; padding: 3px 3px 3px 0;" align="center">
               <div style="width: 50px;">3</div>
            </td>
            <td style="background-color: lightgreen; padding: 3px 3px 3px 0;" align="center">
               <div style="width: 50px;">6</div>
            </td>
            <td style="background-color: #FFFFBB; padding: 3px 3px 3px 0;" align="center">
               <div style="width: 50px;">0</div>
            </td>
            <td align="center" style="background-color: #eaf0f7; padding: 3px 3px 3px 0;">
               <div style="width: 50px;">9</div>
            </td>
            <td align="center"
                style="font-weight: bold; background-color: #eaf0f7; padding: 3px 3px 3px 0;">
               <div style="width: 50px;">67%</div>
            </td>
            <td style="background-color: #eaf0f7; padding: 3px 3px 3px 0;" align="center"
                nowrap="true">7m
               25s
               
            </td>
         </tr>
      </table>
      <div style="width: 200px;">
         <label for="groupMethodsCheckBox" style="font-weight: bold; margin: 0;">
            <input id="groupMethodsCheckBox" type="checkbox" onclick="switchTestMethodsView(this)"></input>
            Group by class
            
         </label>
         <br></br>
         <label for="methodsFilter_ALL" style="font-weight: bold; margin: 0;">
            <input id="methodsFilter_ALL" type="checkbox"
                   onclick="testMethodsFilterChanged(this, 'ALL')"></input>
            All
            
         </label>
      </div>
      <label for="methodsFilter_FAIL" style="margin-left: 20px;">
         <input id="methodsFilter_FAIL" type="checkbox"
                onclick="testMethodsFilterChanged(this, 'FAIL')"
                checked=""></input>
         Failed
         
      </label>
      <label for="methodsFilter_PASS">
         <input id="methodsFilter_PASS" type="checkbox"
                onclick="testMethodsFilterChanged(this, 'PASS')"
                checked=""></input>
         Passed
         
      </label>
      <label for="methodsFilter_SKIP">
         <input id="methodsFilter_SKIP" type="checkbox"
                onclick="testMethodsFilterChanged(this, 'SKIP')"
                checked=""></input>
         Skipped
         
      </label>
      <label for="methodsFilter_CONF">
         <input id="methodsFilter_CONF" type="checkbox"
                onclick="testMethodsFilterChanged(this, 'CONF')"></input>
         Config
         
      </label>
      <br></br>
      <div id="testMethodsByStatus">
         <table class="testMethodsTable" cellpadding="0" cellspacing="0">
            <tr class="methodsTableHeader">
               <td width="100%">Name</td>
               <td nowrap="true">Started</td>
               <td nowrap="true">Duration</td>
               <td>Exception</td>
            </tr>
            <tr id="TestCases.TestPricing_Starter_selectprice_byStatus_failed_FAIL1_row"
                class="testMethodStatusFAIL">
               <td width="100%" class="firstMethodCell">
                  <a onclick="toggleDetailsVisibility('TestCases.TestPricing_Starter_selectprice_byStatus_failed_FAIL1_details')">selectprice()</a>
               </td>
               <td nowrap="true">17:22:55</td>
               <td nowrap="true" align="right">17s
                  
               </td>
               <td nowrap="true">
                  <a onclick="toggleDetailsVisibility('TestCases.TestPricing_Starter_selectprice_byStatus_failed_FAIL1_exception')">org.openqa.selenium.NoSuchElementException: 
                     Unable to locate element: {"method":"xpath","selector":"//*[@id='lastname']"}
                     Command duration or timeout: 10.05 seconds
                     For documentation on this error, please visit: http://seleniumhq.org/exceptions/no_such_element.html
                     Build info: version: '2.42.2', revision: '6a6995d', time: '2014-06-03 17:42:30'
                     System info: host: 'JATIN-PC', ip: '192.168.1.3', os.name: 'Windows 7', os.arch: 'x86', os.version: '6.1', java.version: '1.7.0_65'
                     Session ID: f6ac605b-8d05-477a-bcbf-5fd1b936aec2
                     Driver info: org.openqa.selenium.firefox.FirefoxDriver
                     Capabilities [{platform=XP, acceptSslCerts=true, javascriptEnabled=true, cssSelectorsEnabled=true, databaseEnabled=true, browserName=firefox,
                     handlesAlerts=true, browserConnectionEnabled=true, webStorageEnabled=true, nativeEvents=false, rotatable=false, locationContextEnabled=true,
                     applicationCacheEnabled=true, takesScreenshot=true, version=25.0.1}]
                     
                  </a>
                   
                  
               </td>
            </tr>
            <tr>
               <td colspan="4" class="detailsBox">
                  <div id="TestCases.TestPricing_Starter_selectprice_byStatus_failed_FAIL1_details"
                       class="testMethodDetails">
                     <div>
                        <b>Name: </b>selectprice
                     </div>
                     <div>
                        <b>Signature: </b>selectprice()[pri:0, instance:TestCases.TestPricing_Starter@c23942]
                     </div>
                     <div>
                        <b>Start time: </b>17:22:55
                     </div>
                     <div>
                        <b>End time: </b>17:23:13
                     </div>
                     <div>
                        <b>Duration: </b>17s
                        
                     </div>
                  </div>
               </td>
            </tr>
            <tr>
               <td colspan="4" class="detailsBox">
                  <div id="TestCases.TestPricing_Starter_selectprice_byStatus_failed_FAIL1_exception"
                       class="testMethodDetails">
                     <pre style="padding: 5px; margin: 0;">org.openqa.selenium.NoSuchElementException: Unable to locate element: {"method":"xpath","selector":"//*[@id='lastname']"}
                        Command duration or timeout: 10.05 seconds
                        For documentation on this error, please visit: http://seleniumhq.org/exceptions/no_such_element.html
                        Build info: version: '2.42.2', revision: '6a6995d', time: '2014-06-03 17:42:30'
                        System info: host: 'JATIN-PC', ip: '192.168.1.3', os.name: 'Windows 7', os.arch: 'x86', os.version: '6.1', java.version: '1.7.0_65'
                        Session ID: f6ac605b-8d05-477a-bcbf-5fd1b936aec2
                        Driver info: org.openqa.selenium.firefox.FirefoxDriver
                        Capabilities [{platform=XP, acceptSslCerts=true, javascriptEnabled=true, cssSelectorsEnabled=true, databaseEnabled=true, browserName=firefox,
                        handlesAlerts=true, browserConnectionEnabled=true, webStorageEnabled=true, nativeEvents=false, rotatable=false, locationContextEnabled=true,
                        applicationCacheEnabled=true, takesScreenshot=true, version=25.0.1}]
                        	at sun.reflect.NativeConstructorAccessorImpl.newInstance0(Native Method)
                        	at sun.reflect.NativeConstructorAccessorImpl.newInstance(Unknown Source)
                        	at sun.reflect.DelegatingConstructorAccessorImpl.newInstance(Unknown Source)
                        	at java.lang.reflect.Constructor.newInstance(Unknown Source)
                        	at org.openqa.selenium.remote.ErrorHandler.createThrowable(ErrorHandler.java:204)
                        	at org.openqa.selenium.remote.ErrorHandler.throwIfResponseFailed(ErrorHandler.java:156)
                        	at org.openqa.selenium.remote.RemoteWebDriver.execute(RemoteWebDriver.java:599)
                        	at org.openqa.selenium.remote.RemoteWebDriver.findElement(RemoteWebDriver.java:352)
                        	at org.openqa.selenium.remote.RemoteWebDriver.findElementByXPath(RemoteWebDriver.java:449)
                        	at org.openqa.selenium.By$ByXPath.findElement(By.java:357)
                        	at org.openqa.selenium.remote.RemoteWebDriver.findElement(RemoteWebDriver.java:344)
                        	at Core.PricingPage.createAccount(PricingPage.java:40)
                        	at TestCases.TestPricing_Starter.selectprice(TestPricing_Starter.java:27)
                        	at sun.reflect.NativeMethodAccessorImpl.invoke0(Native Method)
                        	at sun.reflect.NativeMethodAccessorImpl.invoke(Unknown Source)
                        	at sun.reflect.DelegatingMethodAccessorImpl.invoke(Unknown Source)
                        	at java.lang.reflect.Method.invoke(Unknown Source)
                        	at org.testng.internal.MethodInvocationHelper.invokeMethod(MethodInvocationHelper.java:84)
                        	at org.testng.internal.Invoker.invokeMethod(Invoker.java:714)
                        	at org.testng.internal.Invoker.invokeTestMethod(Invoker.java:901)
                        	at org.testng.internal.Invoker.invokeTestMethods(Invoker.java:1231)
                        	at org.testng.internal.TestMethodWorker.invokeTestMethods(TestMethodWorker.java:127)
                        	at org.testng.internal.TestMethodWorker.run(TestMethodWorker.java:111)
                        	at org.testng.TestRunner.privateRun(TestRunner.java:767)
                        	at org.testng.TestRunner.run(TestRunner.java:617)
                        	at org.testng.SuiteRunner.runTest(SuiteRunner.java:334)
                        	at org.testng.SuiteRunner.runSequentially(SuiteRunner.java:329)
                        	at org.testng.SuiteRunner.privateRun(SuiteRunner.java:291)
                        	at org.testng.SuiteRunner.run(SuiteRunner.java:240)
                        	at org.testng.SuiteRunnerWorker.runSuite(SuiteRunnerWorker.java:52)
                        	at org.testng.SuiteRunnerWorker.run(SuiteRunnerWorker.java:86)
                        	at org.testng.TestNG.runSuitesSequentially(TestNG.java:1224)
                        	at org.testng.TestNG.runSuitesLocally(TestNG.java:1149)
                        	at org.testng.TestNG.run(TestNG.java:1057)
                        	at org.testng.TestNG.privateMain(TestNG.java:1364)
                        	at org.testng.TestNG.main(TestNG.java:1333)
                        Caused by: org.openqa.selenium.remote.ErrorHandler$UnknownServerException: Unable to locate element: {"method":"xpath","selector":"//*[@id='lastname']"}
                        Build info: version: '2.42.2', revision: '6a6995d', time: '2014-06-03 17:42:30'
                        System info: host: 'JATIN-PC', ip: '192.168.1.3', os.name: 'Windows 7', os.arch: 'x86', os.version: '6.1', java.version: '1.7.0_65'
                        Driver info: driver.version: unknown
                        	at &lt;anonymous class&gt;.FirefoxDriver.prototype.findElementInternal_(file:///C:/Users/JATIN/AppData/Local/Temp/anonymous6070120861598987093webdriver-profile/extensions/fxdriver@googlecode.com/components/driver_component.js:9470)
                        	at &lt;anonymous class&gt;.fxdriver.Timer.prototype.setTimeout/&lt;.notify(file:///C:/Users/JATIN/AppData/Local/Temp/anonymous6070120861598987093webdriver-profile/extensions/fxdriver@googlecode.com/components/driver_component.js:407)
                     </pre>
                  </div>
               </td>
            </tr>
            <tr id="TestCases.TestLoginPage_Links_loginPage_links_byStatus_failed_FAIL2_row"
                class="testMethodStatusFAIL">
               <td width="100%" class="firstMethodCell">
                  <a onclick="toggleDetailsVisibility('TestCases.TestLoginPage_Links_loginPage_links_byStatus_failed_FAIL2_details')">loginPage_links()</a>
               </td>
               <td nowrap="true">17:24:32</td>
               <td nowrap="true" align="right">3m
                  45s
                  
               </td>
               <td nowrap="true">
                  <a onclick="toggleDetailsVisibility('TestCases.TestLoginPage_Links_loginPage_links_byStatus_failed_FAIL2_exception')">org.openqa.selenium.NoSuchElementException: 
                     Unable to locate element: {"method":"xpath","selector":"//*[@id='footer']/footer/div/div[1]/div[4]/ul/li[4]/a"}
                     Command duration or timeout: 11.87 seconds
                     For documentation on this error, please visit: http://seleniumhq.org/exceptions/no_such_element.html
                     Build info: version: '2.42.2', revision: '6a6995d', time: '2014-06-03 17:42:30'
                     System info: host: 'JATIN-PC', ip: '192.168.1.3', os.name: 'Windows 7', os.arch: 'x86', os.version: '6.1', java.version: '1.7.0_65'
                     Session ID: f6ac605b-8d05-477a-bcbf-5fd1b936aec2
                     Driver info: org.openqa.selenium.firefox.FirefoxDriver
                     Capabilities [{platform=XP, acceptSslCerts=true, javascriptEnabled=true, cssSelectorsEnabled=true, databaseEnabled=true, browserName=firefox,
                     handlesAlerts=true, browserConnectionEnabled=true, webStorageEnabled=true, nativeEvents=false, rotatable=false, locationContextEnabled=true,
                     applicationCacheEnabled=true, takesScreenshot=true, version=25.0.1}]
                     
                  </a>
                   
                  
               </td>
            </tr>
            <tr>
               <td colspan="4" class="detailsBox">
                  <div id="TestCases.TestLoginPage_Links_loginPage_links_byStatus_failed_FAIL2_details"
                       class="testMethodDetails">
                     <div>
                        <b>Name: </b>loginPage_links
                     </div>
                     <div>
                        <b>Signature: </b>loginPage_links()[pri:0, instance:TestCases.TestLoginPage_Links@89a2d9]
                     </div>
                     <div>
                        <b>Start time: </b>17:24:32
                     </div>
                     <div>
                        <b>End time: </b>17:28:17
                     </div>
                     <div>
                        <b>Duration: </b>3m
                        45s
                        
                     </div>
                  </div>
               </td>
            </tr>
            <tr>
               <td colspan="4" class="detailsBox">
                  <div id="TestCases.TestLoginPage_Links_loginPage_links_byStatus_failed_FAIL2_exception"
                       class="testMethodDetails">
                     <pre style="padding: 5px; margin: 0;">org.openqa.selenium.NoSuchElementException: Unable to locate element: {"method":"xpath","selector":"//*[@id='footer']/footer/div/div[1]/div[4]/ul/li[4]/a"}
                        Command duration or timeout: 11.87 seconds
                        For documentation on this error, please visit: http://seleniumhq.org/exceptions/no_such_element.html
                        Build info: version: '2.42.2', revision: '6a6995d', time: '2014-06-03 17:42:30'
                        System info: host: 'JATIN-PC', ip: '192.168.1.3', os.name: 'Windows 7', os.arch: 'x86', os.version: '6.1', java.version: '1.7.0_65'
                        Session ID: f6ac605b-8d05-477a-bcbf-5fd1b936aec2
                        Driver info: org.openqa.selenium.firefox.FirefoxDriver
                        Capabilities [{platform=XP, acceptSslCerts=true, javascriptEnabled=true, cssSelectorsEnabled=true, databaseEnabled=true, browserName=firefox,
                        handlesAlerts=true, browserConnectionEnabled=true, webStorageEnabled=true, nativeEvents=false, rotatable=false, locationContextEnabled=true,
                        applicationCacheEnabled=true, takesScreenshot=true, version=25.0.1}]
                        	at sun.reflect.NativeConstructorAccessorImpl.newInstance0(Native Method)
                        	at sun.reflect.NativeConstructorAccessorImpl.newInstance(Unknown Source)
                        	at sun.reflect.DelegatingConstructorAccessorImpl.newInstance(Unknown Source)
                        	at java.lang.reflect.Constructor.newInstance(Unknown Source)
                        	at org.openqa.selenium.remote.ErrorHandler.createThrowable(ErrorHandler.java:204)
                        	at org.openqa.selenium.remote.ErrorHandler.throwIfResponseFailed(ErrorHandler.java:156)
                        	at org.openqa.selenium.remote.RemoteWebDriver.execute(RemoteWebDriver.java:599)
                        	at org.openqa.selenium.remote.RemoteWebDriver.findElement(RemoteWebDriver.java:352)
                        	at org.openqa.selenium.remote.RemoteWebDriver.findElementByXPath(RemoteWebDriver.java:449)
                        	at org.openqa.selenium.By$ByXPath.findElement(By.java:357)
                        	at org.openqa.selenium.remote.RemoteWebDriver.findElement(RemoteWebDriver.java:344)
                        	at Core.LoginPage_Links.YouTube_link(LoginPage_Links.java:257)
                        	at TestCases.TestLoginPage_Links.loginPage_links(TestLoginPage_Links.java:92)
                        	at sun.reflect.NativeMethodAccessorImpl.invoke0(Native Method)
                        	at sun.reflect.NativeMethodAccessorImpl.invoke(Unknown Source)
                        	at sun.reflect.DelegatingMethodAccessorImpl.invoke(Unknown Source)
                        	at java.lang.reflect.Method.invoke(Unknown Source)
                        	at org.testng.internal.MethodInvocationHelper.invokeMethod(MethodInvocationHelper.java:84)
                        	at org.testng.internal.Invoker.invokeMethod(Invoker.java:714)
                        	at org.testng.internal.Invoker.invokeTestMethod(Invoker.java:901)
                        	at org.testng.internal.Invoker.invokeTestMethods(Invoker.java:1231)
                        	at org.testng.internal.TestMethodWorker.invokeTestMethods(TestMethodWorker.java:127)
                        	at org.testng.internal.TestMethodWorker.run(TestMethodWorker.java:111)
                        	at org.testng.TestRunner.privateRun(TestRunner.java:767)
                        	at org.testng.TestRunner.run(TestRunner.java:617)
                        	at org.testng.SuiteRunner.runTest(SuiteRunner.java:334)
                        	at org.testng.SuiteRunner.runSequentially(SuiteRunner.java:329)
                        	at org.testng.SuiteRunner.privateRun(SuiteRunner.java:291)
                        	at org.testng.SuiteRunner.run(SuiteRunner.java:240)
                        	at org.testng.SuiteRunnerWorker.runSuite(SuiteRunnerWorker.java:52)
                        	at org.testng.SuiteRunnerWorker.run(SuiteRunnerWorker.java:86)
                        	at org.testng.TestNG.runSuitesSequentially(TestNG.java:1224)
                        	at org.testng.TestNG.runSuitesLocally(TestNG.java:1149)
                        	at org.testng.TestNG.run(TestNG.java:1057)
                        	at org.testng.TestNG.privateMain(TestNG.java:1364)
                        	at org.testng.TestNG.main(TestNG.java:1333)
                        Caused by: org.openqa.selenium.remote.ErrorHandler$UnknownServerException: Unable to locate element: {"method":"xpath","selector":"//*[@id='footer']/footer/div/div[1]/div[4]/ul/li[4]/a"}
                        Build info: version: '2.42.2', revision: '6a6995d', time: '2014-06-03 17:42:30'
                        System info: host: 'JATIN-PC', ip: '192.168.1.3', os.name: 'Windows 7', os.arch: 'x86', os.version: '6.1', java.version: '1.7.0_65'
                        Driver info: driver.version: unknown
                        	at &lt;anonymous class&gt;.FirefoxDriver.prototype.findElementInternal_(file:///C:/Users/JATIN/AppData/Local/Temp/anonymous6070120861598987093webdriver-profile/extensions/fxdriver@googlecode.com/components/driver_component.js:9470)
                        	at &lt;anonymous class&gt;.fxdriver.Timer.prototype.setTimeout/&lt;.notify(file:///C:/Users/JATIN/AppData/Local/Temp/anonymous6070120861598987093webdriver-profile/extensions/fxdriver@googlecode.com/components/driver_component.js:407)
                     </pre>
                  </div>
               </td>
            </tr>
            <tr id="TestCases.TestSocial_Links_Social_Links_byStatus_failed_FAIL3_row"
                class="testMethodStatusFAIL">
               <td width="100%" class="firstMethodCell">
                  <a onclick="toggleDetailsVisibility('TestCases.TestSocial_Links_Social_Links_byStatus_failed_FAIL3_details')">Social_Links()</a>
               </td>
               <td nowrap="true">17:28:17</td>
               <td nowrap="true" align="right">15s
                  
               </td>
               <td nowrap="true">
                  <a onclick="toggleDetailsVisibility('TestCases.TestSocial_Links_Social_Links_byStatus_failed_FAIL3_exception')">org.openqa.selenium.NoSuchElementException: 
                     Unable to locate element: {"method":"xpath","selector":"//*[@id='footer']/footer/div/div[1]/div[4]/ul/li[1]/a"}
                     Command duration or timeout: 12.64 seconds
                     For documentation on this error, please visit: http://seleniumhq.org/exceptions/no_such_element.html
                     Build info: version: '2.42.2', revision: '6a6995d', time: '2014-06-03 17:42:30'
                     System info: host: 'JATIN-PC', ip: '192.168.1.3', os.name: 'Windows 7', os.arch: 'x86', os.version: '6.1', java.version: '1.7.0_65'
                     Session ID: f6ac605b-8d05-477a-bcbf-5fd1b936aec2
                     Driver info: org.openqa.selenium.firefox.FirefoxDriver
                     Capabilities [{platform=XP, acceptSslCerts=true, javascriptEnabled=true, cssSelectorsEnabled=true, databaseEnabled=true, browserName=firefox,
                     handlesAlerts=true, browserConnectionEnabled=true, webStorageEnabled=true, nativeEvents=false, rotatable=false, locationContextEnabled=true,
                     applicationCacheEnabled=true, takesScreenshot=true, version=25.0.1}]
                     
                  </a>
                   
                  
               </td>
            </tr>
            <tr>
               <td colspan="4" class="detailsBox">
                  <div id="TestCases.TestSocial_Links_Social_Links_byStatus_failed_FAIL3_details"
                       class="testMethodDetails">
                     <div>
                        <b>Name: </b>Social_Links
                     </div>
                     <div>
                        <b>Signature: </b>Social_Links()[pri:0, instance:TestCases.TestSocial_Links@4c8b84]
                     </div>
                     <div>
                        <b>Start time: </b>17:28:17
                     </div>
                     <div>
                        <b>End time: </b>17:28:33
                     </div>
                     <div>
                        <b>Duration: </b>15s
                        
                     </div>
                  </div>
               </td>
            </tr>
            <tr>
               <td colspan="4" class="detailsBox">
                  <div id="TestCases.TestSocial_Links_Social_Links_byStatus_failed_FAIL3_exception"
                       class="testMethodDetails">
                     <pre style="padding: 5px; margin: 0;">org.openqa.selenium.NoSuchElementException: Unable to locate element: {"method":"xpath","selector":"//*[@id='footer']/footer/div/div[1]/div[4]/ul/li[1]/a"}
                        Command duration or timeout: 12.64 seconds
                        For documentation on this error, please visit: http://seleniumhq.org/exceptions/no_such_element.html
                        Build info: version: '2.42.2', revision: '6a6995d', time: '2014-06-03 17:42:30'
                        System info: host: 'JATIN-PC', ip: '192.168.1.3', os.name: 'Windows 7', os.arch: 'x86', os.version: '6.1', java.version: '1.7.0_65'
                        Session ID: f6ac605b-8d05-477a-bcbf-5fd1b936aec2
                        Driver info: org.openqa.selenium.firefox.FirefoxDriver
                        Capabilities [{platform=XP, acceptSslCerts=true, javascriptEnabled=true, cssSelectorsEnabled=true, databaseEnabled=true, browserName=firefox,
                        handlesAlerts=true, browserConnectionEnabled=true, webStorageEnabled=true, nativeEvents=false, rotatable=false, locationContextEnabled=true,
                        applicationCacheEnabled=true, takesScreenshot=true, version=25.0.1}]
                        	at sun.reflect.NativeConstructorAccessorImpl.newInstance0(Native Method)
                        	at sun.reflect.NativeConstructorAccessorImpl.newInstance(Unknown Source)
                        	at sun.reflect.DelegatingConstructorAccessorImpl.newInstance(Unknown Source)
                        	at java.lang.reflect.Constructor.newInstance(Unknown Source)
                        	at org.openqa.selenium.remote.ErrorHandler.createThrowable(ErrorHandler.java:204)
                        	at org.openqa.selenium.remote.ErrorHandler.throwIfResponseFailed(ErrorHandler.java:156)
                        	at org.openqa.selenium.remote.RemoteWebDriver.execute(RemoteWebDriver.java:599)
                        	at org.openqa.selenium.remote.RemoteWebDriver.findElement(RemoteWebDriver.java:352)
                        	at org.openqa.selenium.remote.RemoteWebDriver.findElementByXPath(RemoteWebDriver.java:449)
                        	at org.openqa.selenium.By$ByXPath.findElement(By.java:357)
                        	at org.openqa.selenium.remote.RemoteWebDriver.findElement(RemoteWebDriver.java:344)
                        	at Core.Social_Link.Facebook_link(Social_Link.java:21)
                        	at TestCases.TestSocial_Links.Social_Links(TestSocial_Links.java:15)
                        	at sun.reflect.NativeMethodAccessorImpl.invoke0(Native Method)
                        	at sun.reflect.NativeMethodAccessorImpl.invoke(Unknown Source)
                        	at sun.reflect.DelegatingMethodAccessorImpl.invoke(Unknown Source)
                        	at java.lang.reflect.Method.invoke(Unknown Source)
                        	at org.testng.internal.MethodInvocationHelper.invokeMethod(MethodInvocationHelper.java:84)
                        	at org.testng.internal.Invoker.invokeMethod(Invoker.java:714)
                        	at org.testng.internal.Invoker.invokeTestMethod(Invoker.java:901)
                        	at org.testng.internal.Invoker.invokeTestMethods(Invoker.java:1231)
                        	at org.testng.internal.TestMethodWorker.invokeTestMethods(TestMethodWorker.java:127)
                        	at org.testng.internal.TestMethodWorker.run(TestMethodWorker.java:111)
                        	at org.testng.TestRunner.privateRun(TestRunner.java:767)
                        	at org.testng.TestRunner.run(TestRunner.java:617)
                        	at org.testng.SuiteRunner.runTest(SuiteRunner.java:334)
                        	at org.testng.SuiteRunner.runSequentially(SuiteRunner.java:329)
                        	at org.testng.SuiteRunner.privateRun(SuiteRunner.java:291)
                        	at org.testng.SuiteRunner.run(SuiteRunner.java:240)
                        	at org.testng.SuiteRunnerWorker.runSuite(SuiteRunnerWorker.java:52)
                        	at org.testng.SuiteRunnerWorker.run(SuiteRunnerWorker.java:86)
                        	at org.testng.TestNG.runSuitesSequentially(TestNG.java:1224)
                        	at org.testng.TestNG.runSuitesLocally(TestNG.java:1149)
                        	at org.testng.TestNG.run(TestNG.java:1057)
                        	at org.testng.TestNG.privateMain(TestNG.java:1364)
                        	at org.testng.TestNG.main(TestNG.java:1333)
                        Caused by: org.openqa.selenium.remote.ErrorHandler$UnknownServerException: Unable to locate element: {"method":"xpath","selector":"//*[@id='footer']/footer/div/div[1]/div[4]/ul/li[1]/a"}
                        Build info: version: '2.42.2', revision: '6a6995d', time: '2014-06-03 17:42:30'
                        System info: host: 'JATIN-PC', ip: '192.168.1.3', os.name: 'Windows 7', os.arch: 'x86', os.version: '6.1', java.version: '1.7.0_65'
                        Driver info: driver.version: unknown
                        	at &lt;anonymous class&gt;.FirefoxDriver.prototype.findElementInternal_(file:///C:/Users/JATIN/AppData/Local/Temp/anonymous6070120861598987093webdriver-profile/extensions/fxdriver@googlecode.com/components/driver_component.js:9470)
                        	at &lt;anonymous class&gt;.fxdriver.Timer.prototype.setTimeout/&lt;.notify(file:///C:/Users/JATIN/AppData/Local/Temp/anonymous6070120861598987093webdriver-profile/extensions/fxdriver@googlecode.com/components/driver_component.js:407)
                     </pre>
                  </div>
               </td>
            </tr>
            <tr id="TestCases.TestHomePage_isExecutable_byStatus_passed_PASS1_row"
                class="testMethodStatusPASS testMethodStatusCONF">
               <td width="100%" class="firstMethodCell">
                  <a onclick="toggleDetailsVisibility('TestCases.TestHomePage_isExecutable_byStatus_passed_PASS1_details')">isExecutable()</a>
               </td>
               <td nowrap="true">17:21:07</td>
               <td nowrap="true" align="right">14 ms
                  
               </td>
               <td nowrap="true">
                   
                  
               </td>
            </tr>
            <tr>
               <td colspan="4" class="detailsBox">
                  <div id="TestCases.TestHomePage_isExecutable_byStatus_passed_PASS1_details"
                       class="testMethodDetails">
                     <div>
                        <b>Name: </b>isExecutable
                     </div>
                     <div>
                        <b>Signature: </b>isExecutable()[pri:0, instance:TestCases.TestHomePage@14f1c67]
                     </div>
                     <div>
                        <b>Start time: </b>17:21:07
                     </div>
                     <div>
                        <b>End time: </b>17:21:07
                     </div>
                     <div>
                        <b>Duration: </b>14 ms
                        
                     </div>
                  </div>
               </td>
            </tr>
            <tr></tr>
            <tr id="TestCases.TestHomePage_HomePage_byStatus_passed_PASS2_row"
                class="testMethodStatusPASS">
               <td width="100%" class="firstMethodCell">
                  <a onclick="toggleDetailsVisibility('TestCases.TestHomePage_HomePage_byStatus_passed_PASS2_details')">HomePage()</a>
               </td>
               <td nowrap="true">17:21:07</td>
               <td nowrap="true" align="right">147 ms
                  
               </td>
               <td nowrap="true">
                   
                  
               </td>
            </tr>
            <tr>
               <td colspan="4" class="detailsBox">
                  <div id="TestCases.TestHomePage_HomePage_byStatus_passed_PASS2_details"
                       class="testMethodDetails">
                     <div>
                        <b>Name: </b>HomePage
                     </div>
                     <div>
                        <b>Signature: </b>HomePage()[pri:0, instance:TestCases.TestHomePage@14f1c67]
                     </div>
                     <div>
                        <b>Start time: </b>17:21:07
                     </div>
                     <div>
                        <b>End time: </b>17:21:08
                     </div>
                     <div>
                        <b>Duration: </b>147 ms
                        
                     </div>
                  </div>
               </td>
            </tr>
            <tr></tr>
            <tr id="TestCases.TestSignup_isExecutable_byStatus_passed_PASS3_row"
                class="testMethodStatusPASS testMethodStatusCONF">
               <td width="100%" class="firstMethodCell">
                  <a onclick="toggleDetailsVisibility('TestCases.TestSignup_isExecutable_byStatus_passed_PASS3_details')">isExecutable()</a>
               </td>
               <td nowrap="true">17:21:08</td>
               <td nowrap="true" align="right">8 ms
                  
               </td>
               <td nowrap="true">
                   
                  
               </td>
            </tr>
            <tr>
               <td colspan="4" class="detailsBox">
                  <div id="TestCases.TestSignup_isExecutable_byStatus_passed_PASS3_details"
                       class="testMethodDetails">
                     <div>
                        <b>Name: </b>isExecutable
                     </div>
                     <div>
                        <b>Signature: </b>isExecutable()[pri:0, instance:TestCases.TestSignup@12c9015]
                     </div>
                     <div>
                        <b>Start time: </b>17:21:08
                     </div>
                     <div>
                        <b>End time: </b>17:21:08
                     </div>
                     <div>
                        <b>Duration: </b>8 ms
                        
                     </div>
                  </div>
               </td>
            </tr>
            <tr></tr>
            <tr id="TestCases.TestSignup_test_signup_byStatus_passed_PASS4_row"
                class="testMethodStatusPASS">
               <td width="100%" class="firstMethodCell">
                  <a onclick="toggleDetailsVisibility('TestCases.TestSignup_test_signup_byStatus_passed_PASS4_details')">test_signup()</a>
               </td>
               <td nowrap="true">17:21:08</td>
               <td nowrap="true" align="right">54s
                  
               </td>
               <td nowrap="true">
                   
                  
               </td>
            </tr>
            <tr>
               <td colspan="4" class="detailsBox">
                  <div id="TestCases.TestSignup_test_signup_byStatus_passed_PASS4_details"
                       class="testMethodDetails">
                     <div>
                        <b>Name: </b>test_signup
                     </div>
                     <div>
                        <b>Signature: </b>test_signup()[pri:0, instance:TestCases.TestSignup@12c9015]
                     </div>
                     <div>
                        <b>Start time: </b>17:21:08
                     </div>
                     <div>
                        <b>End time: </b>17:22:02
                     </div>
                     <div>
                        <b>Duration: </b>54s
                        
                     </div>
                  </div>
               </td>
            </tr>
            <tr></tr>
            <tr id="TestCases.TestLogin_isExecutable_byStatus_passed_PASS5_row"
                class="testMethodStatusPASS testMethodStatusCONF">
               <td width="100%" class="firstMethodCell">
                  <a onclick="toggleDetailsVisibility('TestCases.TestLogin_isExecutable_byStatus_passed_PASS5_details')">isExecutable()</a>
               </td>
               <td nowrap="true">17:22:02</td>
               <td nowrap="true" align="right">18 ms
                  
               </td>
               <td nowrap="true">
                   
                  
               </td>
            </tr>
            <tr>
               <td colspan="4" class="detailsBox">
                  <div id="TestCases.TestLogin_isExecutable_byStatus_passed_PASS5_details"
                       class="testMethodDetails">
                     <div>
                        <b>Name: </b>isExecutable
                     </div>
                     <div>
                        <b>Signature: </b>isExecutable()[pri:0, instance:TestCases.TestLogin@8ce0ea]
                     </div>
                     <div>
                        <b>Start time: </b>17:22:02
                     </div>
                     <div>
                        <b>End time: </b>17:22:02
                     </div>
                     <div>
                        <b>Duration: </b>18 ms
                        
                     </div>
                  </div>
               </td>
            </tr>
            <tr></tr>
            <tr id="TestCases.TestLogin_Login_byStatus_passed_PASS6_row"
                class="testMethodStatusPASS">
               <td width="100%" class="firstMethodCell">
                  <a onclick="toggleDetailsVisibility('TestCases.TestLogin_Login_byStatus_passed_PASS6_details')">Login()</a>
               </td>
               <td nowrap="true">17:22:02</td>
               <td nowrap="true" align="right">19s
                  
               </td>
               <td nowrap="true">
                   
                  
               </td>
            </tr>
            <tr>
               <td colspan="4" class="detailsBox">
                  <div id="TestCases.TestLogin_Login_byStatus_passed_PASS6_details"
                       class="testMethodDetails">
                     <div>
                        <b>Name: </b>Login
                     </div>
                     <div>
                        <b>Signature: </b>Login()[pri:0, instance:TestCases.TestLogin@8ce0ea]
                     </div>
                     <div>
                        <b>Start time: </b>17:22:02
                     </div>
                     <div>
                        <b>End time: </b>17:22:22
                     </div>
                     <div>
                        <b>Duration: </b>19s
                        
                     </div>
                  </div>
               </td>
            </tr>
            <tr></tr>
            <tr id="TestCases.TestSets_isExecutable_byStatus_passed_PASS7_row"
                class="testMethodStatusPASS testMethodStatusCONF">
               <td width="100%" class="firstMethodCell">
                  <a onclick="toggleDetailsVisibility('TestCases.TestSets_isExecutable_byStatus_passed_PASS7_details')">isExecutable()</a>
               </td>
               <td nowrap="true">17:22:22</td>
               <td nowrap="true" align="right">25 ms
                  
               </td>
               <td nowrap="true">
                   
                  
               </td>
            </tr>
            <tr>
               <td colspan="4" class="detailsBox">
                  <div id="TestCases.TestSets_isExecutable_byStatus_passed_PASS7_details"
                       class="testMethodDetails">
                     <div>
                        <b>Name: </b>isExecutable
                     </div>
                     <div>
                        <b>Signature: </b>isExecutable()[pri:0, instance:TestCases.TestSets@1e9c245]
                     </div>
                     <div>
                        <b>Start time: </b>17:22:22
                     </div>
                     <div>
                        <b>End time: </b>17:22:22
                     </div>
                     <div>
                        <b>Duration: </b>25 ms
                        
                     </div>
                  </div>
               </td>
            </tr>
            <tr></tr>
            <tr id="TestCases.TestSets_addset_byStatus_passed_PASS8_row"
                class="testMethodStatusPASS">
               <td width="100%" class="firstMethodCell">
                  <a onclick="toggleDetailsVisibility('TestCases.TestSets_addset_byStatus_passed_PASS8_details')">addset()</a>
               </td>
               <td nowrap="true">17:22:22</td>
               <td nowrap="true" align="right">33s
                  
               </td>
               <td nowrap="true">
                   
                  
               </td>
            </tr>
            <tr>
               <td colspan="4" class="detailsBox">
                  <div id="TestCases.TestSets_addset_byStatus_passed_PASS8_details"
                       class="testMethodDetails">
                     <div>
                        <b>Name: </b>addset
                     </div>
                     <div>
                        <b>Signature: </b>addset()[pri:0, instance:TestCases.TestSets@1e9c245]
                     </div>
                     <div>
                        <b>Start time: </b>17:22:22
                     </div>
                     <div>
                        <b>End time: </b>17:22:55
                     </div>
                     <div>
                        <b>Duration: </b>33s
                        
                     </div>
                  </div>
               </td>
            </tr>
            <tr></tr>
            <tr id="TestCases.TestPricing_Starter_isExecutable_byStatus_passed_PASS9_row"
                class="testMethodStatusPASS testMethodStatusCONF">
               <td width="100%" class="firstMethodCell">
                  <a onclick="toggleDetailsVisibility('TestCases.TestPricing_Starter_isExecutable_byStatus_passed_PASS9_details')">isExecutable()</a>
               </td>
               <td nowrap="true">17:22:55</td>
               <td nowrap="true" align="right">16 ms
                  
               </td>
               <td nowrap="true">
                   
                  
               </td>
            </tr>
            <tr>
               <td colspan="4" class="detailsBox">
                  <div id="TestCases.TestPricing_Starter_isExecutable_byStatus_passed_PASS9_details"
                       class="testMethodDetails">
                     <div>
                        <b>Name: </b>isExecutable
                     </div>
                     <div>
                        <b>Signature: </b>isExecutable()[pri:0, instance:TestCases.TestPricing_Starter@c23942]
                     </div>
                     <div>
                        <b>Start time: </b>17:22:55
                     </div>
                     <div>
                        <b>End time: </b>17:22:55
                     </div>
                     <div>
                        <b>Duration: </b>16 ms
                        
                     </div>
                  </div>
               </td>
            </tr>
            <tr></tr>
            <tr id="TestCases.TestPricing_Inclusive_isExecutable_byStatus_passed_PASS10_row"
                class="testMethodStatusPASS testMethodStatusCONF">
               <td width="100%" class="firstMethodCell">
                  <a onclick="toggleDetailsVisibility('TestCases.TestPricing_Inclusive_isExecutable_byStatus_passed_PASS10_details')">isExecutable()</a>
               </td>
               <td nowrap="true">17:23:13</td>
               <td nowrap="true" align="right">13 ms
                  
               </td>
               <td nowrap="true">
                   
                  
               </td>
            </tr>
            <tr>
               <td colspan="4" class="detailsBox">
                  <div id="TestCases.TestPricing_Inclusive_isExecutable_byStatus_passed_PASS10_details"
                       class="testMethodDetails">
                     <div>
                        <b>Name: </b>isExecutable
                     </div>
                     <div>
                        <b>Signature: </b>isExecutable()[pri:0, instance:TestCases.TestPricing_Inclusive@1e9b48b]
                     </div>
                     <div>
                        <b>Start time: </b>17:23:13
                     </div>
                     <div>
                        <b>End time: </b>17:23:13
                     </div>
                     <div>
                        <b>Duration: </b>13 ms
                        
                     </div>
                  </div>
               </td>
            </tr>
            <tr></tr>
            <tr id="TestCases.TestPricing_Inclusive_selectprice_byStatus_passed_PASS11_row"
                class="testMethodStatusPASS">
               <td width="100%" class="firstMethodCell">
                  <a onclick="toggleDetailsVisibility('TestCases.TestPricing_Inclusive_selectprice_byStatus_passed_PASS11_details')">selectprice()</a>
               </td>
               <td nowrap="true">17:23:13</td>
               <td nowrap="true" align="right">33s
                  
               </td>
               <td nowrap="true">
                   
                  
               </td>
            </tr>
            <tr>
               <td colspan="4" class="detailsBox">
                  <div id="TestCases.TestPricing_Inclusive_selectprice_byStatus_passed_PASS11_details"
                       class="testMethodDetails">
                     <div>
                        <b>Name: </b>selectprice
                     </div>
                     <div>
                        <b>Signature: </b>selectprice()[pri:0, instance:TestCases.TestPricing_Inclusive@1e9b48b]
                     </div>
                     <div>
                        <b>Start time: </b>17:23:13
                     </div>
                     <div>
                        <b>End time: </b>17:23:46
                     </div>
                     <div>
                        <b>Duration: </b>33s
                        
                     </div>
                  </div>
               </td>
            </tr>
            <tr></tr>
            <tr id="TestCases.TestHomePage_Links_isExecutable_byStatus_passed_PASS12_row"
                class="testMethodStatusPASS testMethodStatusCONF">
               <td width="100%" class="firstMethodCell">
                  <a onclick="toggleDetailsVisibility('TestCases.TestHomePage_Links_isExecutable_byStatus_passed_PASS12_details')">isExecutable()</a>
               </td>
               <td nowrap="true">17:23:46</td>
               <td nowrap="true" align="right">14 ms
                  
               </td>
               <td nowrap="true">
                   
                  
               </td>
            </tr>
            <tr>
               <td colspan="4" class="detailsBox">
                  <div id="TestCases.TestHomePage_Links_isExecutable_byStatus_passed_PASS12_details"
                       class="testMethodDetails">
                     <div>
                        <b>Name: </b>isExecutable
                     </div>
                     <div>
                        <b>Signature: </b>isExecutable()[pri:0, instance:TestCases.TestHomePage_Links@2eb6e9]
                     </div>
                     <div>
                        <b>Start time: </b>17:23:46
                     </div>
                     <div>
                        <b>End time: </b>17:23:46
                     </div>
                     <div>
                        <b>Duration: </b>14 ms
                        
                     </div>
                  </div>
               </td>
            </tr>
            <tr></tr>
            <tr id="TestCases.TestHomePage_Links_HomePage_Links_byStatus_passed_PASS13_row"
                class="testMethodStatusPASS">
               <td width="100%" class="firstMethodCell">
                  <a onclick="toggleDetailsVisibility('TestCases.TestHomePage_Links_HomePage_Links_byStatus_passed_PASS13_details')">HomePage_Links()</a>
               </td>
               <td nowrap="true">17:23:46</td>
               <td nowrap="true" align="right">46s
                  
               </td>
               <td nowrap="true">
                   
                  
               </td>
            </tr>
            <tr>
               <td colspan="4" class="detailsBox">
                  <div id="TestCases.TestHomePage_Links_HomePage_Links_byStatus_passed_PASS13_details"
                       class="testMethodDetails">
                     <div>
                        <b>Name: </b>HomePage_Links
                     </div>
                     <div>
                        <b>Signature: </b>HomePage_Links()[pri:0, instance:TestCases.TestHomePage_Links@2eb6e9]
                     </div>
                     <div>
                        <b>Start time: </b>17:23:46
                     </div>
                     <div>
                        <b>End time: </b>17:24:32
                     </div>
                     <div>
                        <b>Duration: </b>46s
                        
                     </div>
                  </div>
               </td>
            </tr>
            <tr></tr>
            <tr id="TestCases.TestLoginPage_Links_isExecutable_byStatus_passed_PASS14_row"
                class="testMethodStatusPASS testMethodStatusCONF">
               <td width="100%" class="firstMethodCell">
                  <a onclick="toggleDetailsVisibility('TestCases.TestLoginPage_Links_isExecutable_byStatus_passed_PASS14_details')">isExecutable()</a>
               </td>
               <td nowrap="true">17:24:32</td>
               <td nowrap="true" align="right">14 ms
                  
               </td>
               <td nowrap="true">
                   
                  
               </td>
            </tr>
            <tr>
               <td colspan="4" class="detailsBox">
                  <div id="TestCases.TestLoginPage_Links_isExecutable_byStatus_passed_PASS14_details"
                       class="testMethodDetails">
                     <div>
                        <b>Name: </b>isExecutable
                     </div>
                     <div>
                        <b>Signature: </b>isExecutable()[pri:0, instance:TestCases.TestLoginPage_Links@89a2d9]
                     </div>
                     <div>
                        <b>Start time: </b>17:24:32
                     </div>
                     <div>
                        <b>End time: </b>17:24:32
                     </div>
                     <div>
                        <b>Duration: </b>14 ms
                        
                     </div>
                  </div>
               </td>
            </tr>
            <tr></tr>
            <tr id="TestCases.TestSocial_Links_setup_byStatus_passed_PASS15_row"
                class="testMethodStatusPASS testMethodStatusCONF">
               <td width="100%" class="firstMethodCell">
                  <a onclick="toggleDetailsVisibility('TestCases.TestSocial_Links_setup_byStatus_passed_PASS15_details')">setup()</a>
               </td>
               <td nowrap="true">17:20:32</td>
               <td nowrap="true" align="right">35s
                  
               </td>
               <td nowrap="true">
                   
                  
               </td>
            </tr>
            <tr>
               <td colspan="4" class="detailsBox">
                  <div id="TestCases.TestSocial_Links_setup_byStatus_passed_PASS15_details"
                       class="testMethodDetails">
                     <div>
                        <b>Name: </b>setup
                     </div>
                     <div>
                        <b>Signature: </b>setup()[pri:0, instance:TestCases.TestSocial_Links@4c8b84]
                     </div>
                     <div>
                        <b>Start time: </b>17:20:32
                     </div>
                     <div>
                        <b>End time: </b>17:21:07
                     </div>
                     <div>
                        <b>Duration: </b>35s
                        
                     </div>
                  </div>
               </td>
            </tr>
            <tr></tr>
            <tr id="TestCases.TestSocial_Links_isExecutable_byStatus_passed_PASS16_row"
                class="testMethodStatusPASS testMethodStatusCONF">
               <td width="100%" class="firstMethodCell">
                  <a onclick="toggleDetailsVisibility('TestCases.TestSocial_Links_isExecutable_byStatus_passed_PASS16_details')">isExecutable()</a>
               </td>
               <td nowrap="true">17:28:17</td>
               <td nowrap="true" align="right">30 ms
                  
               </td>
               <td nowrap="true">
                   
                  
               </td>
            </tr>
            <tr>
               <td colspan="4" class="detailsBox">
                  <div id="TestCases.TestSocial_Links_isExecutable_byStatus_passed_PASS16_details"
                       class="testMethodDetails">
                     <div>
                        <b>Name: </b>isExecutable
                     </div>
                     <div>
                        <b>Signature: </b>isExecutable()[pri:0, instance:TestCases.TestSocial_Links@4c8b84]
                     </div>
                     <div>
                        <b>Start time: </b>17:28:17
                     </div>
                     <div>
                        <b>End time: </b>17:28:17
                     </div>
                     <div>
                        <b>Duration: </b>30 ms
                        
                     </div>
                  </div>
               </td>
            </tr>
            <tr></tr>
            <tr id="TestCases.TestSocial_Links_tearDown_byStatus_passed_PASS17_row"
                class="testMethodStatusPASS testMethodStatusCONF">
               <td width="100%" class="firstMethodCell">
                  <a onclick="toggleDetailsVisibility('TestCases.TestSocial_Links_tearDown_byStatus_passed_PASS17_details')">tearDown()</a>
               </td>
               <td nowrap="true">17:28:33</td>
               <td nowrap="true" align="right">515 ms
                  
               </td>
               <td nowrap="true">
                   
                  
               </td>
            </tr>
            <tr>
               <td colspan="4" class="detailsBox">
                  <div id="TestCases.TestSocial_Links_tearDown_byStatus_passed_PASS17_details"
                       class="testMethodDetails">
                     <div>
                        <b>Name: </b>tearDown
                     </div>
                     <div>
                        <b>Signature: </b>tearDown()[pri:0, instance:TestCases.TestSocial_Links@4c8b84]
                     </div>
                     <div>
                        <b>Start time: </b>17:28:33
                     </div>
                     <div>
                        <b>End time: </b>17:28:33
                     </div>
                     <div>
                        <b>Duration: </b>515 ms
                        
                     </div>
                  </div>
               </td>
            </tr>
            <tr></tr>
         </table>
      </div>
      <div id="testMethodsByClass" style="display: none;">
         <table class="testMethodsTable" cellpadding="0" cellspacing="0">
            <tr>
               <td colspan="4">
                  <h3 style="display: inline;">TestCases.TestHomePage</h3>
               </td>
            </tr>
            <tr class="methodsTableHeader">
               <td width="100%">Name</td>
               <td nowrap="true">Started</td>
               <td nowrap="true">Duration</td>
               <td>Exception</td>
            </tr>
            <tr id="TestCases.TestHomePage_isExecutable_byClass_PASS1_row"
                class="testMethodStatusPASS testMethodStatusCONF">
               <td width="100%" class="firstMethodCell">
                  <a onclick="toggleDetailsVisibility('TestCases.TestHomePage_isExecutable_byClass_PASS1_details')">isExecutable()</a>
               </td>
               <td nowrap="true">17:21:07</td>
               <td nowrap="true" align="right">14 ms
                  
               </td>
               <td nowrap="true">
                   
                  
               </td>
            </tr>
            <tr>
               <td colspan="4" class="detailsBox">
                  <div id="TestCases.TestHomePage_isExecutable_byClass_PASS1_details"
                       class="testMethodDetails">
                     <div>
                        <b>Name: </b>isExecutable
                     </div>
                     <div>
                        <b>Signature: </b>isExecutable()[pri:0, instance:TestCases.TestHomePage@14f1c67]
                     </div>
                     <div>
                        <b>Start time: </b>17:21:07
                     </div>
                     <div>
                        <b>End time: </b>17:21:07
                     </div>
                     <div>
                        <b>Duration: </b>14 ms
                        
                     </div>
                  </div>
               </td>
            </tr>
            <tr></tr>
            <tr id="TestCases.TestHomePage_HomePage_byClass_PASS2_row"
                class="testMethodStatusPASS">
               <td width="100%" class="firstMethodCell">
                  <a onclick="toggleDetailsVisibility('TestCases.TestHomePage_HomePage_byClass_PASS2_details')">HomePage()</a>
               </td>
               <td nowrap="true">17:21:07</td>
               <td nowrap="true" align="right">147 ms
                  
               </td>
               <td nowrap="true">
                   
                  
               </td>
            </tr>
            <tr>
               <td colspan="4" class="detailsBox">
                  <div id="TestCases.TestHomePage_HomePage_byClass_PASS2_details"
                       class="testMethodDetails">
                     <div>
                        <b>Name: </b>HomePage
                     </div>
                     <div>
                        <b>Signature: </b>HomePage()[pri:0, instance:TestCases.TestHomePage@14f1c67]
                     </div>
                     <div>
                        <b>Start time: </b>17:21:07
                     </div>
                     <div>
                        <b>End time: </b>17:21:08
                     </div>
                     <div>
                        <b>Duration: </b>147 ms
                        
                     </div>
                  </div>
               </td>
            </tr>
            <tr></tr>
         </table>
         <br></br>
         <table class="testMethodsTable" cellpadding="0" cellspacing="0">
            <tr>
               <td colspan="4">
                  <h3 style="display: inline;">TestCases.TestHomePage_Links</h3>
               </td>
            </tr>
            <tr class="methodsTableHeader">
               <td width="100%">Name</td>
               <td nowrap="true">Started</td>
               <td nowrap="true">Duration</td>
               <td>Exception</td>
            </tr>
            <tr id="TestCases.TestHomePage_Links_isExecutable_byClass_PASS1_row"
                class="testMethodStatusPASS testMethodStatusCONF">
               <td width="100%" class="firstMethodCell">
                  <a onclick="toggleDetailsVisibility('TestCases.TestHomePage_Links_isExecutable_byClass_PASS1_details')">isExecutable()</a>
               </td>
               <td nowrap="true">17:23:46</td>
               <td nowrap="true" align="right">14 ms
                  
               </td>
               <td nowrap="true">
                   
                  
               </td>
            </tr>
            <tr>
               <td colspan="4" class="detailsBox">
                  <div id="TestCases.TestHomePage_Links_isExecutable_byClass_PASS1_details"
                       class="testMethodDetails">
                     <div>
                        <b>Name: </b>isExecutable
                     </div>
                     <div>
                        <b>Signature: </b>isExecutable()[pri:0, instance:TestCases.TestHomePage_Links@2eb6e9]
                     </div>
                     <div>
                        <b>Start time: </b>17:23:46
                     </div>
                     <div>
                        <b>End time: </b>17:23:46
                     </div>
                     <div>
                        <b>Duration: </b>14 ms
                        
                     </div>
                  </div>
               </td>
            </tr>
            <tr></tr>
            <tr id="TestCases.TestHomePage_Links_HomePage_Links_byClass_PASS2_row"
                class="testMethodStatusPASS">
               <td width="100%" class="firstMethodCell">
                  <a onclick="toggleDetailsVisibility('TestCases.TestHomePage_Links_HomePage_Links_byClass_PASS2_details')">HomePage_Links()</a>
               </td>
               <td nowrap="true">17:23:46</td>
               <td nowrap="true" align="right">46s
                  
               </td>
               <td nowrap="true">
                   
                  
               </td>
            </tr>
            <tr>
               <td colspan="4" class="detailsBox">
                  <div id="TestCases.TestHomePage_Links_HomePage_Links_byClass_PASS2_details"
                       class="testMethodDetails">
                     <div>
                        <b>Name: </b>HomePage_Links
                     </div>
                     <div>
                        <b>Signature: </b>HomePage_Links()[pri:0, instance:TestCases.TestHomePage_Links@2eb6e9]
                     </div>
                     <div>
                        <b>Start time: </b>17:23:46
                     </div>
                     <div>
                        <b>End time: </b>17:24:32
                     </div>
                     <div>
                        <b>Duration: </b>46s
                        
                     </div>
                  </div>
               </td>
            </tr>
            <tr></tr>
         </table>
         <br></br>
         <table class="testMethodsTable" cellpadding="0" cellspacing="0">
            <tr>
               <td colspan="4">
                  <h3 style="display: inline;">TestCases.TestLogin</h3>
               </td>
            </tr>
            <tr class="methodsTableHeader">
               <td width="100%">Name</td>
               <td nowrap="true">Started</td>
               <td nowrap="true">Duration</td>
               <td>Exception</td>
            </tr>
            <tr id="TestCases.TestLogin_isExecutable_byClass_PASS1_row"
                class="testMethodStatusPASS testMethodStatusCONF">
               <td width="100%" class="firstMethodCell">
                  <a onclick="toggleDetailsVisibility('TestCases.TestLogin_isExecutable_byClass_PASS1_details')">isExecutable()</a>
               </td>
               <td nowrap="true">17:22:02</td>
               <td nowrap="true" align="right">18 ms
                  
               </td>
               <td nowrap="true">
                   
                  
               </td>
            </tr>
            <tr>
               <td colspan="4" class="detailsBox">
                  <div id="TestCases.TestLogin_isExecutable_byClass_PASS1_details"
                       class="testMethodDetails">
                     <div>
                        <b>Name: </b>isExecutable
                     </div>
                     <div>
                        <b>Signature: </b>isExecutable()[pri:0, instance:TestCases.TestLogin@8ce0ea]
                     </div>
                     <div>
                        <b>Start time: </b>17:22:02
                     </div>
                     <div>
                        <b>End time: </b>17:22:02
                     </div>
                     <div>
                        <b>Duration: </b>18 ms
                        
                     </div>
                  </div>
               </td>
            </tr>
            <tr></tr>
            <tr id="TestCases.TestLogin_Login_byClass_PASS2_row" class="testMethodStatusPASS">
               <td width="100%" class="firstMethodCell">
                  <a onclick="toggleDetailsVisibility('TestCases.TestLogin_Login_byClass_PASS2_details')">Login()</a>
               </td>
               <td nowrap="true">17:22:02</td>
               <td nowrap="true" align="right">19s
                  
               </td>
               <td nowrap="true">
                   
                  
               </td>
            </tr>
            <tr>
               <td colspan="4" class="detailsBox">
                  <div id="TestCases.TestLogin_Login_byClass_PASS2_details" class="testMethodDetails">
                     <div>
                        <b>Name: </b>Login
                     </div>
                     <div>
                        <b>Signature: </b>Login()[pri:0, instance:TestCases.TestLogin@8ce0ea]
                     </div>
                     <div>
                        <b>Start time: </b>17:22:02
                     </div>
                     <div>
                        <b>End time: </b>17:22:22
                     </div>
                     <div>
                        <b>Duration: </b>19s
                        
                     </div>
                  </div>
               </td>
            </tr>
            <tr></tr>
         </table>
         <br></br>
         <table class="testMethodsTable" cellpadding="0" cellspacing="0">
            <tr>
               <td colspan="4">
                  <h3 style="display: inline;">TestCases.TestLoginPage_Links</h3>
               </td>
            </tr>
            <tr class="methodsTableHeader">
               <td width="100%">Name</td>
               <td nowrap="true">Started</td>
               <td nowrap="true">Duration</td>
               <td>Exception</td>
            </tr>
            <tr id="TestCases.TestLoginPage_Links_isExecutable_byClass_PASS1_row"
                class="testMethodStatusPASS testMethodStatusCONF">
               <td width="100%" class="firstMethodCell">
                  <a onclick="toggleDetailsVisibility('TestCases.TestLoginPage_Links_isExecutable_byClass_PASS1_details')">isExecutable()</a>
               </td>
               <td nowrap="true">17:24:32</td>
               <td nowrap="true" align="right">14 ms
                  
               </td>
               <td nowrap="true">
                   
                  
               </td>
            </tr>
            <tr>
               <td colspan="4" class="detailsBox">
                  <div id="TestCases.TestLoginPage_Links_isExecutable_byClass_PASS1_details"
                       class="testMethodDetails">
                     <div>
                        <b>Name: </b>isExecutable
                     </div>
                     <div>
                        <b>Signature: </b>isExecutable()[pri:0, instance:TestCases.TestLoginPage_Links@89a2d9]
                     </div>
                     <div>
                        <b>Start time: </b>17:24:32
                     </div>
                     <div>
                        <b>End time: </b>17:24:32
                     </div>
                     <div>
                        <b>Duration: </b>14 ms
                        
                     </div>
                  </div>
               </td>
            </tr>
            <tr></tr>
            <tr id="TestCases.TestLoginPage_Links_loginPage_links_byClass_FAIL2_row"
                class="testMethodStatusFAIL">
               <td width="100%" class="firstMethodCell">
                  <a onclick="toggleDetailsVisibility('TestCases.TestLoginPage_Links_loginPage_links_byClass_FAIL2_details')">loginPage_links()</a>
               </td>
               <td nowrap="true">17:24:32</td>
               <td nowrap="true" align="right">3m
                  45s
                  
               </td>
               <td nowrap="true">
                  <a onclick="toggleDetailsVisibility('TestCases.TestLoginPage_Links_loginPage_links_byClass_FAIL2_exception')">org.openqa.selenium.NoSuchElementException: 
                     Unable to locate element: {"method":"xpath","selector":"//*[@id='footer']/footer/div/div[1]/div[4]/ul/li[4]/a"}
                     Command duration or timeout: 11.87 seconds
                     For documentation on this error, please visit: http://seleniumhq.org/exceptions/no_such_element.html
                     Build info: version: '2.42.2', revision: '6a6995d', time: '2014-06-03 17:42:30'
                     System info: host: 'JATIN-PC', ip: '192.168.1.3', os.name: 'Windows 7', os.arch: 'x86', os.version: '6.1', java.version: '1.7.0_65'
                     Session ID: f6ac605b-8d05-477a-bcbf-5fd1b936aec2
                     Driver info: org.openqa.selenium.firefox.FirefoxDriver
                     Capabilities [{platform=XP, acceptSslCerts=true, javascriptEnabled=true, cssSelectorsEnabled=true, databaseEnabled=true, browserName=firefox,
                     handlesAlerts=true, browserConnectionEnabled=true, webStorageEnabled=true, nativeEvents=false, rotatable=false, locationContextEnabled=true,
                     applicationCacheEnabled=true, takesScreenshot=true, version=25.0.1}]
                     
                  </a>
                   
                  
               </td>
            </tr>
            <tr>
               <td colspan="4" class="detailsBox">
                  <div id="TestCases.TestLoginPage_Links_loginPage_links_byClass_FAIL2_details"
                       class="testMethodDetails">
                     <div>
                        <b>Name: </b>loginPage_links
                     </div>
                     <div>
                        <b>Signature: </b>loginPage_links()[pri:0, instance:TestCases.TestLoginPage_Links@89a2d9]
                     </div>
                     <div>
                        <b>Start time: </b>17:24:32
                     </div>
                     <div>
                        <b>End time: </b>17:28:17
                     </div>
                     <div>
                        <b>Duration: </b>3m
                        45s
                        
                     </div>
                  </div>
               </td>
            </tr>
            <tr>
               <td colspan="4" class="detailsBox">
                  <div id="TestCases.TestLoginPage_Links_loginPage_links_byClass_FAIL2_exception"
                       class="testMethodDetails">
                     <pre style="padding: 5px; margin: 0;">org.openqa.selenium.NoSuchElementException: Unable to locate element: {"method":"xpath","selector":"//*[@id='footer']/footer/div/div[1]/div[4]/ul/li[4]/a"}
                        Command duration or timeout: 11.87 seconds
                        For documentation on this error, please visit: http://seleniumhq.org/exceptions/no_such_element.html
                        Build info: version: '2.42.2', revision: '6a6995d', time: '2014-06-03 17:42:30'
                        System info: host: 'JATIN-PC', ip: '192.168.1.3', os.name: 'Windows 7', os.arch: 'x86', os.version: '6.1', java.version: '1.7.0_65'
                        Session ID: f6ac605b-8d05-477a-bcbf-5fd1b936aec2
                        Driver info: org.openqa.selenium.firefox.FirefoxDriver
                        Capabilities [{platform=XP, acceptSslCerts=true, javascriptEnabled=true, cssSelectorsEnabled=true, databaseEnabled=true, browserName=firefox,
                        handlesAlerts=true, browserConnectionEnabled=true, webStorageEnabled=true, nativeEvents=false, rotatable=false, locationContextEnabled=true,
                        applicationCacheEnabled=true, takesScreenshot=true, version=25.0.1}]
                        	at sun.reflect.NativeConstructorAccessorImpl.newInstance0(Native Method)
                        	at sun.reflect.NativeConstructorAccessorImpl.newInstance(Unknown Source)
                        	at sun.reflect.DelegatingConstructorAccessorImpl.newInstance(Unknown Source)
                        	at java.lang.reflect.Constructor.newInstance(Unknown Source)
                        	at org.openqa.selenium.remote.ErrorHandler.createThrowable(ErrorHandler.java:204)
                        	at org.openqa.selenium.remote.ErrorHandler.throwIfResponseFailed(ErrorHandler.java:156)
                        	at org.openqa.selenium.remote.RemoteWebDriver.execute(RemoteWebDriver.java:599)
                        	at org.openqa.selenium.remote.RemoteWebDriver.findElement(RemoteWebDriver.java:352)
                        	at org.openqa.selenium.remote.RemoteWebDriver.findElementByXPath(RemoteWebDriver.java:449)
                        	at org.openqa.selenium.By$ByXPath.findElement(By.java:357)
                        	at org.openqa.selenium.remote.RemoteWebDriver.findElement(RemoteWebDriver.java:344)
                        	at Core.LoginPage_Links.YouTube_link(LoginPage_Links.java:257)
                        	at TestCases.TestLoginPage_Links.loginPage_links(TestLoginPage_Links.java:92)
                        	at sun.reflect.NativeMethodAccessorImpl.invoke0(Native Method)
                        	at sun.reflect.NativeMethodAccessorImpl.invoke(Unknown Source)
                        	at sun.reflect.DelegatingMethodAccessorImpl.invoke(Unknown Source)
                        	at java.lang.reflect.Method.invoke(Unknown Source)
                        	at org.testng.internal.MethodInvocationHelper.invokeMethod(MethodInvocationHelper.java:84)
                        	at org.testng.internal.Invoker.invokeMethod(Invoker.java:714)
                        	at org.testng.internal.Invoker.invokeTestMethod(Invoker.java:901)
                        	at org.testng.internal.Invoker.invokeTestMethods(Invoker.java:1231)
                        	at org.testng.internal.TestMethodWorker.invokeTestMethods(TestMethodWorker.java:127)
                        	at org.testng.internal.TestMethodWorker.run(TestMethodWorker.java:111)
                        	at org.testng.TestRunner.privateRun(TestRunner.java:767)
                        	at org.testng.TestRunner.run(TestRunner.java:617)
                        	at org.testng.SuiteRunner.runTest(SuiteRunner.java:334)
                        	at org.testng.SuiteRunner.runSequentially(SuiteRunner.java:329)
                        	at org.testng.SuiteRunner.privateRun(SuiteRunner.java:291)
                        	at org.testng.SuiteRunner.run(SuiteRunner.java:240)
                        	at org.testng.SuiteRunnerWorker.runSuite(SuiteRunnerWorker.java:52)
                        	at org.testng.SuiteRunnerWorker.run(SuiteRunnerWorker.java:86)
                        	at org.testng.TestNG.runSuitesSequentially(TestNG.java:1224)
                        	at org.testng.TestNG.runSuitesLocally(TestNG.java:1149)
                        	at org.testng.TestNG.run(TestNG.java:1057)
                        	at org.testng.TestNG.privateMain(TestNG.java:1364)
                        	at org.testng.TestNG.main(TestNG.java:1333)
                        Caused by: org.openqa.selenium.remote.ErrorHandler$UnknownServerException: Unable to locate element: {"method":"xpath","selector":"//*[@id='footer']/footer/div/div[1]/div[4]/ul/li[4]/a"}
                        Build info: version: '2.42.2', revision: '6a6995d', time: '2014-06-03 17:42:30'
                        System info: host: 'JATIN-PC', ip: '192.168.1.3', os.name: 'Windows 7', os.arch: 'x86', os.version: '6.1', java.version: '1.7.0_65'
                        Driver info: driver.version: unknown
                        	at &lt;anonymous class&gt;.FirefoxDriver.prototype.findElementInternal_(file:///C:/Users/JATIN/AppData/Local/Temp/anonymous6070120861598987093webdriver-profile/extensions/fxdriver@googlecode.com/components/driver_component.js:9470)
                        	at &lt;anonymous class&gt;.fxdriver.Timer.prototype.setTimeout/&lt;.notify(file:///C:/Users/JATIN/AppData/Local/Temp/anonymous6070120861598987093webdriver-profile/extensions/fxdriver@googlecode.com/components/driver_component.js:407)
                     </pre>
                  </div>
               </td>
            </tr>
         </table>
         <br></br>
         <table class="testMethodsTable" cellpadding="0" cellspacing="0">
            <tr>
               <td colspan="4">
                  <h3 style="display: inline;">TestCases.TestPricing_Inclusive</h3>
               </td>
            </tr>
            <tr class="methodsTableHeader">
               <td width="100%">Name</td>
               <td nowrap="true">Started</td>
               <td nowrap="true">Duration</td>
               <td>Exception</td>
            </tr>
            <tr id="TestCases.TestPricing_Inclusive_isExecutable_byClass_PASS1_row"
                class="testMethodStatusPASS testMethodStatusCONF">
               <td width="100%" class="firstMethodCell">
                  <a onclick="toggleDetailsVisibility('TestCases.TestPricing_Inclusive_isExecutable_byClass_PASS1_details')">isExecutable()</a>
               </td>
               <td nowrap="true">17:23:13</td>
               <td nowrap="true" align="right">13 ms
                  
               </td>
               <td nowrap="true">
                   
                  
               </td>
            </tr>
            <tr>
               <td colspan="4" class="detailsBox">
                  <div id="TestCases.TestPricing_Inclusive_isExecutable_byClass_PASS1_details"
                       class="testMethodDetails">
                     <div>
                        <b>Name: </b>isExecutable
                     </div>
                     <div>
                        <b>Signature: </b>isExecutable()[pri:0, instance:TestCases.TestPricing_Inclusive@1e9b48b]
                     </div>
                     <div>
                        <b>Start time: </b>17:23:13
                     </div>
                     <div>
                        <b>End time: </b>17:23:13
                     </div>
                     <div>
                        <b>Duration: </b>13 ms
                        
                     </div>
                  </div>
               </td>
            </tr>
            <tr></tr>
            <tr id="TestCases.TestPricing_Inclusive_selectprice_byClass_PASS2_row"
                class="testMethodStatusPASS">
               <td width="100%" class="firstMethodCell">
                  <a onclick="toggleDetailsVisibility('TestCases.TestPricing_Inclusive_selectprice_byClass_PASS2_details')">selectprice()</a>
               </td>
               <td nowrap="true">17:23:13</td>
               <td nowrap="true" align="right">33s
                  
               </td>
               <td nowrap="true">
                   
                  
               </td>
            </tr>
            <tr>
               <td colspan="4" class="detailsBox">
                  <div id="TestCases.TestPricing_Inclusive_selectprice_byClass_PASS2_details"
                       class="testMethodDetails">
                     <div>
                        <b>Name: </b>selectprice
                     </div>
                     <div>
                        <b>Signature: </b>selectprice()[pri:0, instance:TestCases.TestPricing_Inclusive@1e9b48b]
                     </div>
                     <div>
                        <b>Start time: </b>17:23:13
                     </div>
                     <div>
                        <b>End time: </b>17:23:46
                     </div>
                     <div>
                        <b>Duration: </b>33s
                        
                     </div>
                  </div>
               </td>
            </tr>
            <tr></tr>
         </table>
         <br></br>
         <table class="testMethodsTable" cellpadding="0" cellspacing="0">
            <tr>
               <td colspan="4">
                  <h3 style="display: inline;">TestCases.TestPricing_Starter</h3>
               </td>
            </tr>
            <tr class="methodsTableHeader">
               <td width="100%">Name</td>
               <td nowrap="true">Started</td>
               <td nowrap="true">Duration</td>
               <td>Exception</td>
            </tr>
            <tr id="TestCases.TestPricing_Starter_isExecutable_byClass_PASS1_row"
                class="testMethodStatusPASS testMethodStatusCONF">
               <td width="100%" class="firstMethodCell">
                  <a onclick="toggleDetailsVisibility('TestCases.TestPricing_Starter_isExecutable_byClass_PASS1_details')">isExecutable()</a>
               </td>
               <td nowrap="true">17:22:55</td>
               <td nowrap="true" align="right">16 ms
                  
               </td>
               <td nowrap="true">
                   
                  
               </td>
            </tr>
            <tr>
               <td colspan="4" class="detailsBox">
                  <div id="TestCases.TestPricing_Starter_isExecutable_byClass_PASS1_details"
                       class="testMethodDetails">
                     <div>
                        <b>Name: </b>isExecutable
                     </div>
                     <div>
                        <b>Signature: </b>isExecutable()[pri:0, instance:TestCases.TestPricing_Starter@c23942]
                     </div>
                     <div>
                        <b>Start time: </b>17:22:55
                     </div>
                     <div>
                        <b>End time: </b>17:22:55
                     </div>
                     <div>
                        <b>Duration: </b>16 ms
                        
                     </div>
                  </div>
               </td>
            </tr>
            <tr></tr>
            <tr id="TestCases.TestPricing_Starter_selectprice_byClass_FAIL2_row"
                class="testMethodStatusFAIL">
               <td width="100%" class="firstMethodCell">
                  <a onclick="toggleDetailsVisibility('TestCases.TestPricing_Starter_selectprice_byClass_FAIL2_details')">selectprice()</a>
               </td>
               <td nowrap="true">17:22:55</td>
               <td nowrap="true" align="right">17s
                  
               </td>
               <td nowrap="true">
                  <a onclick="toggleDetailsVisibility('TestCases.TestPricing_Starter_selectprice_byClass_FAIL2_exception')">org.openqa.selenium.NoSuchElementException: 
                     Unable to locate element: {"method":"xpath","selector":"//*[@id='lastname']"}
                     Command duration or timeout: 10.05 seconds
                     For documentation on this error, please visit: http://seleniumhq.org/exceptions/no_such_element.html
                     Build info: version: '2.42.2', revision: '6a6995d', time: '2014-06-03 17:42:30'
                     System info: host: 'JATIN-PC', ip: '192.168.1.3', os.name: 'Windows 7', os.arch: 'x86', os.version: '6.1', java.version: '1.7.0_65'
                     Session ID: f6ac605b-8d05-477a-bcbf-5fd1b936aec2
                     Driver info: org.openqa.selenium.firefox.FirefoxDriver
                     Capabilities [{platform=XP, acceptSslCerts=true, javascriptEnabled=true, cssSelectorsEnabled=true, databaseEnabled=true, browserName=firefox,
                     handlesAlerts=true, browserConnectionEnabled=true, webStorageEnabled=true, nativeEvents=false, rotatable=false, locationContextEnabled=true,
                     applicationCacheEnabled=true, takesScreenshot=true, version=25.0.1}]
                     
                  </a>
                   
                  
               </td>
            </tr>
            <tr>
               <td colspan="4" class="detailsBox">
                  <div id="TestCases.TestPricing_Starter_selectprice_byClass_FAIL2_details"
                       class="testMethodDetails">
                     <div>
                        <b>Name: </b>selectprice
                     </div>
                     <div>
                        <b>Signature: </b>selectprice()[pri:0, instance:TestCases.TestPricing_Starter@c23942]
                     </div>
                     <div>
                        <b>Start time: </b>17:22:55
                     </div>
                     <div>
                        <b>End time: </b>17:23:13
                     </div>
                     <div>
                        <b>Duration: </b>17s
                        
                     </div>
                  </div>
               </td>
            </tr>
            <tr>
               <td colspan="4" class="detailsBox">
                  <div id="TestCases.TestPricing_Starter_selectprice_byClass_FAIL2_exception"
                       class="testMethodDetails">
                     <pre style="padding: 5px; margin: 0;">org.openqa.selenium.NoSuchElementException: Unable to locate element: {"method":"xpath","selector":"//*[@id='lastname']"}
                        Command duration or timeout: 10.05 seconds
                        For documentation on this error, please visit: http://seleniumhq.org/exceptions/no_such_element.html
                        Build info: version: '2.42.2', revision: '6a6995d', time: '2014-06-03 17:42:30'
                        System info: host: 'JATIN-PC', ip: '192.168.1.3', os.name: 'Windows 7', os.arch: 'x86', os.version: '6.1', java.version: '1.7.0_65'
                        Session ID: f6ac605b-8d05-477a-bcbf-5fd1b936aec2
                        Driver info: org.openqa.selenium.firefox.FirefoxDriver
                        Capabilities [{platform=XP, acceptSslCerts=true, javascriptEnabled=true, cssSelectorsEnabled=true, databaseEnabled=true, browserName=firefox,
                        handlesAlerts=true, browserConnectionEnabled=true, webStorageEnabled=true, nativeEvents=false, rotatable=false, locationContextEnabled=true,
                        applicationCacheEnabled=true, takesScreenshot=true, version=25.0.1}]
                        	at sun.reflect.NativeConstructorAccessorImpl.newInstance0(Native Method)
                        	at sun.reflect.NativeConstructorAccessorImpl.newInstance(Unknown Source)
                        	at sun.reflect.DelegatingConstructorAccessorImpl.newInstance(Unknown Source)
                        	at java.lang.reflect.Constructor.newInstance(Unknown Source)
                        	at org.openqa.selenium.remote.ErrorHandler.createThrowable(ErrorHandler.java:204)
                        	at org.openqa.selenium.remote.ErrorHandler.throwIfResponseFailed(ErrorHandler.java:156)
                        	at org.openqa.selenium.remote.RemoteWebDriver.execute(RemoteWebDriver.java:599)
                        	at org.openqa.selenium.remote.RemoteWebDriver.findElement(RemoteWebDriver.java:352)
                        	at org.openqa.selenium.remote.RemoteWebDriver.findElementByXPath(RemoteWebDriver.java:449)
                        	at org.openqa.selenium.By$ByXPath.findElement(By.java:357)
                        	at org.openqa.selenium.remote.RemoteWebDriver.findElement(RemoteWebDriver.java:344)
                        	at Core.PricingPage.createAccount(PricingPage.java:40)
                        	at TestCases.TestPricing_Starter.selectprice(TestPricing_Starter.java:27)
                        	at sun.reflect.NativeMethodAccessorImpl.invoke0(Native Method)
                        	at sun.reflect.NativeMethodAccessorImpl.invoke(Unknown Source)
                        	at sun.reflect.DelegatingMethodAccessorImpl.invoke(Unknown Source)
                        	at java.lang.reflect.Method.invoke(Unknown Source)
                        	at org.testng.internal.MethodInvocationHelper.invokeMethod(MethodInvocationHelper.java:84)
                        	at org.testng.internal.Invoker.invokeMethod(Invoker.java:714)
                        	at org.testng.internal.Invoker.invokeTestMethod(Invoker.java:901)
                        	at org.testng.internal.Invoker.invokeTestMethods(Invoker.java:1231)
                        	at org.testng.internal.TestMethodWorker.invokeTestMethods(TestMethodWorker.java:127)
                        	at org.testng.internal.TestMethodWorker.run(TestMethodWorker.java:111)
                        	at org.testng.TestRunner.privateRun(TestRunner.java:767)
                        	at org.testng.TestRunner.run(TestRunner.java:617)
                        	at org.testng.SuiteRunner.runTest(SuiteRunner.java:334)
                        	at org.testng.SuiteRunner.runSequentially(SuiteRunner.java:329)
                        	at org.testng.SuiteRunner.privateRun(SuiteRunner.java:291)
                        	at org.testng.SuiteRunner.run(SuiteRunner.java:240)
                        	at org.testng.SuiteRunnerWorker.runSuite(SuiteRunnerWorker.java:52)
                        	at org.testng.SuiteRunnerWorker.run(SuiteRunnerWorker.java:86)
                        	at org.testng.TestNG.runSuitesSequentially(TestNG.java:1224)
                        	at org.testng.TestNG.runSuitesLocally(TestNG.java:1149)
                        	at org.testng.TestNG.run(TestNG.java:1057)
                        	at org.testng.TestNG.privateMain(TestNG.java:1364)
                        	at org.testng.TestNG.main(TestNG.java:1333)
                        Caused by: org.openqa.selenium.remote.ErrorHandler$UnknownServerException: Unable to locate element: {"method":"xpath","selector":"//*[@id='lastname']"}
                        Build info: version: '2.42.2', revision: '6a6995d', time: '2014-06-03 17:42:30'
                        System info: host: 'JATIN-PC', ip: '192.168.1.3', os.name: 'Windows 7', os.arch: 'x86', os.version: '6.1', java.version: '1.7.0_65'
                        Driver info: driver.version: unknown
                        	at &lt;anonymous class&gt;.FirefoxDriver.prototype.findElementInternal_(file:///C:/Users/JATIN/AppData/Local/Temp/anonymous6070120861598987093webdriver-profile/extensions/fxdriver@googlecode.com/components/driver_component.js:9470)
                        	at &lt;anonymous class&gt;.fxdriver.Timer.prototype.setTimeout/&lt;.notify(file:///C:/Users/JATIN/AppData/Local/Temp/anonymous6070120861598987093webdriver-profile/extensions/fxdriver@googlecode.com/components/driver_component.js:407)
                     </pre>
                  </div>
               </td>
            </tr>
         </table>
         <br></br>
         <table class="testMethodsTable" cellpadding="0" cellspacing="0">
            <tr>
               <td colspan="4">
                  <h3 style="display: inline;">TestCases.TestSets</h3>
               </td>
            </tr>
            <tr class="methodsTableHeader">
               <td width="100%">Name</td>
               <td nowrap="true">Started</td>
               <td nowrap="true">Duration</td>
               <td>Exception</td>
            </tr>
            <tr id="TestCases.TestSets_isExecutable_byClass_PASS1_row"
                class="testMethodStatusPASS testMethodStatusCONF">
               <td width="100%" class="firstMethodCell">
                  <a onclick="toggleDetailsVisibility('TestCases.TestSets_isExecutable_byClass_PASS1_details')">isExecutable()</a>
               </td>
               <td nowrap="true">17:22:22</td>
               <td nowrap="true" align="right">25 ms
                  
               </td>
               <td nowrap="true">
                   
                  
               </td>
            </tr>
            <tr>
               <td colspan="4" class="detailsBox">
                  <div id="TestCases.TestSets_isExecutable_byClass_PASS1_details"
                       class="testMethodDetails">
                     <div>
                        <b>Name: </b>isExecutable
                     </div>
                     <div>
                        <b>Signature: </b>isExecutable()[pri:0, instance:TestCases.TestSets@1e9c245]
                     </div>
                     <div>
                        <b>Start time: </b>17:22:22
                     </div>
                     <div>
                        <b>End time: </b>17:22:22
                     </div>
                     <div>
                        <b>Duration: </b>25 ms
                        
                     </div>
                  </div>
               </td>
            </tr>
            <tr></tr>
            <tr id="TestCases.TestSets_addset_byClass_PASS2_row" class="testMethodStatusPASS">
               <td width="100%" class="firstMethodCell">
                  <a onclick="toggleDetailsVisibility('TestCases.TestSets_addset_byClass_PASS2_details')">addset()</a>
               </td>
               <td nowrap="true">17:22:22</td>
               <td nowrap="true" align="right">33s
                  
               </td>
               <td nowrap="true">
                   
                  
               </td>
            </tr>
            <tr>
               <td colspan="4" class="detailsBox">
                  <div id="TestCases.TestSets_addset_byClass_PASS2_details" class="testMethodDetails">
                     <div>
                        <b>Name: </b>addset
                     </div>
                     <div>
                        <b>Signature: </b>addset()[pri:0, instance:TestCases.TestSets@1e9c245]
                     </div>
                     <div>
                        <b>Start time: </b>17:22:22
                     </div>
                     <div>
                        <b>End time: </b>17:22:55
                     </div>
                     <div>
                        <b>Duration: </b>33s
                        
                     </div>
                  </div>
               </td>
            </tr>
            <tr></tr>
         </table>
         <br></br>
         <table class="testMethodsTable" cellpadding="0" cellspacing="0">
            <tr>
               <td colspan="4">
                  <h3 style="display: inline;">TestCases.TestSignup</h3>
               </td>
            </tr>
            <tr class="methodsTableHeader">
               <td width="100%">Name</td>
               <td nowrap="true">Started</td>
               <td nowrap="true">Duration</td>
               <td>Exception</td>
            </tr>
            <tr id="TestCases.TestSignup_isExecutable_byClass_PASS1_row"
                class="testMethodStatusPASS testMethodStatusCONF">
               <td width="100%" class="firstMethodCell">
                  <a onclick="toggleDetailsVisibility('TestCases.TestSignup_isExecutable_byClass_PASS1_details')">isExecutable()</a>
               </td>
               <td nowrap="true">17:21:08</td>
               <td nowrap="true" align="right">8 ms
                  
               </td>
               <td nowrap="true">
                   
                  
               </td>
            </tr>
            <tr>
               <td colspan="4" class="detailsBox">
                  <div id="TestCases.TestSignup_isExecutable_byClass_PASS1_details"
                       class="testMethodDetails">
                     <div>
                        <b>Name: </b>isExecutable
                     </div>
                     <div>
                        <b>Signature: </b>isExecutable()[pri:0, instance:TestCases.TestSignup@12c9015]
                     </div>
                     <div>
                        <b>Start time: </b>17:21:08
                     </div>
                     <div>
                        <b>End time: </b>17:21:08
                     </div>
                     <div>
                        <b>Duration: </b>8 ms
                        
                     </div>
                  </div>
               </td>
            </tr>
            <tr></tr>
            <tr id="TestCases.TestSignup_test_signup_byClass_PASS2_row"
                class="testMethodStatusPASS">
               <td width="100%" class="firstMethodCell">
                  <a onclick="toggleDetailsVisibility('TestCases.TestSignup_test_signup_byClass_PASS2_details')">test_signup()</a>
               </td>
               <td nowrap="true">17:21:08</td>
               <td nowrap="true" align="right">54s
                  
               </td>
               <td nowrap="true">
                   
                  
               </td>
            </tr>
            <tr>
               <td colspan="4" class="detailsBox">
                  <div id="TestCases.TestSignup_test_signup_byClass_PASS2_details"
                       class="testMethodDetails">
                     <div>
                        <b>Name: </b>test_signup
                     </div>
                     <div>
                        <b>Signature: </b>test_signup()[pri:0, instance:TestCases.TestSignup@12c9015]
                     </div>
                     <div>
                        <b>Start time: </b>17:21:08
                     </div>
                     <div>
                        <b>End time: </b>17:22:02
                     </div>
                     <div>
                        <b>Duration: </b>54s
                        
                     </div>
                  </div>
               </td>
            </tr>
            <tr></tr>
         </table>
         <br></br>
         <table class="testMethodsTable" cellpadding="0" cellspacing="0">
            <tr>
               <td colspan="4">
                  <h3 style="display: inline;">TestCases.TestSocial_Links</h3>
               </td>
            </tr>
            <tr class="methodsTableHeader">
               <td width="100%">Name</td>
               <td nowrap="true">Started</td>
               <td nowrap="true">Duration</td>
               <td>Exception</td>
            </tr>
            <tr id="TestCases.TestSocial_Links_setup_byClass_PASS1_row"
                class="testMethodStatusPASS testMethodStatusCONF">
               <td width="100%" class="firstMethodCell">
                  <a onclick="toggleDetailsVisibility('TestCases.TestSocial_Links_setup_byClass_PASS1_details')">setup()</a>
               </td>
               <td nowrap="true">17:20:32</td>
               <td nowrap="true" align="right">35s
                  
               </td>
               <td nowrap="true">
                   
                  
               </td>
            </tr>
            <tr>
               <td colspan="4" class="detailsBox">
                  <div id="TestCases.TestSocial_Links_setup_byClass_PASS1_details"
                       class="testMethodDetails">
                     <div>
                        <b>Name: </b>setup
                     </div>
                     <div>
                        <b>Signature: </b>setup()[pri:0, instance:TestCases.TestSocial_Links@4c8b84]
                     </div>
                     <div>
                        <b>Start time: </b>17:20:32
                     </div>
                     <div>
                        <b>End time: </b>17:21:07
                     </div>
                     <div>
                        <b>Duration: </b>35s
                        
                     </div>
                  </div>
               </td>
            </tr>
            <tr></tr>
            <tr id="TestCases.TestSocial_Links_isExecutable_byClass_PASS2_row"
                class="testMethodStatusPASS testMethodStatusCONF">
               <td width="100%" class="firstMethodCell">
                  <a onclick="toggleDetailsVisibility('TestCases.TestSocial_Links_isExecutable_byClass_PASS2_details')">isExecutable()</a>
               </td>
               <td nowrap="true">17:28:17</td>
               <td nowrap="true" align="right">30 ms
                  
               </td>
               <td nowrap="true">
                   
                  
               </td>
            </tr>
            <tr>
               <td colspan="4" class="detailsBox">
                  <div id="TestCases.TestSocial_Links_isExecutable_byClass_PASS2_details"
                       class="testMethodDetails">
                     <div>
                        <b>Name: </b>isExecutable
                     </div>
                     <div>
                        <b>Signature: </b>isExecutable()[pri:0, instance:TestCases.TestSocial_Links@4c8b84]
                     </div>
                     <div>
                        <b>Start time: </b>17:28:17
                     </div>
                     <div>
                        <b>End time: </b>17:28:17
                     </div>
                     <div>
                        <b>Duration: </b>30 ms
                        
                     </div>
                  </div>
               </td>
            </tr>
            <tr></tr>
            <tr id="TestCases.TestSocial_Links_Social_Links_byClass_FAIL3_row"
                class="testMethodStatusFAIL">
               <td width="100%" class="firstMethodCell">
                  <a onclick="toggleDetailsVisibility('TestCases.TestSocial_Links_Social_Links_byClass_FAIL3_details')">Social_Links()</a>
               </td>
               <td nowrap="true">17:28:17</td>
               <td nowrap="true" align="right">15s
                  
               </td>
               <td nowrap="true">
                  <a onclick="toggleDetailsVisibility('TestCases.TestSocial_Links_Social_Links_byClass_FAIL3_exception')">org.openqa.selenium.NoSuchElementException: 
                     Unable to locate element: {"method":"xpath","selector":"//*[@id='footer']/footer/div/div[1]/div[4]/ul/li[1]/a"}
                     Command duration or timeout: 12.64 seconds
                     For documentation on this error, please visit: http://seleniumhq.org/exceptions/no_such_element.html
                     Build info: version: '2.42.2', revision: '6a6995d', time: '2014-06-03 17:42:30'
                     System info: host: 'JATIN-PC', ip: '192.168.1.3', os.name: 'Windows 7', os.arch: 'x86', os.version: '6.1', java.version: '1.7.0_65'
                     Session ID: f6ac605b-8d05-477a-bcbf-5fd1b936aec2
                     Driver info: org.openqa.selenium.firefox.FirefoxDriver
                     Capabilities [{platform=XP, acceptSslCerts=true, javascriptEnabled=true, cssSelectorsEnabled=true, databaseEnabled=true, browserName=firefox,
                     handlesAlerts=true, browserConnectionEnabled=true, webStorageEnabled=true, nativeEvents=false, rotatable=false, locationContextEnabled=true,
                     applicationCacheEnabled=true, takesScreenshot=true, version=25.0.1}]
                     
                  </a>
                   
                  
               </td>
            </tr>
            <tr>
               <td colspan="4" class="detailsBox">
                  <div id="TestCases.TestSocial_Links_Social_Links_byClass_FAIL3_details"
                       class="testMethodDetails">
                     <div>
                        <b>Name: </b>Social_Links
                     </div>
                     <div>
                        <b>Signature: </b>Social_Links()[pri:0, instance:TestCases.TestSocial_Links@4c8b84]
                     </div>
                     <div>
                        <b>Start time: </b>17:28:17
                     </div>
                     <div>
                        <b>End time: </b>17:28:33
                     </div>
                     <div>
                        <b>Duration: </b>15s
                        
                     </div>
                  </div>
               </td>
            </tr>
            <tr>
               <td colspan="4" class="detailsBox">
                  <div id="TestCases.TestSocial_Links_Social_Links_byClass_FAIL3_exception"
                       class="testMethodDetails">
                     <pre style="padding: 5px; margin: 0;">org.openqa.selenium.NoSuchElementException: Unable to locate element: {"method":"xpath","selector":"//*[@id='footer']/footer/div/div[1]/div[4]/ul/li[1]/a"}
                        Command duration or timeout: 12.64 seconds
                        For documentation on this error, please visit: http://seleniumhq.org/exceptions/no_such_element.html
                        Build info: version: '2.42.2', revision: '6a6995d', time: '2014-06-03 17:42:30'
                        System info: host: 'JATIN-PC', ip: '192.168.1.3', os.name: 'Windows 7', os.arch: 'x86', os.version: '6.1', java.version: '1.7.0_65'
                        Session ID: f6ac605b-8d05-477a-bcbf-5fd1b936aec2
                        Driver info: org.openqa.selenium.firefox.FirefoxDriver
                        Capabilities [{platform=XP, acceptSslCerts=true, javascriptEnabled=true, cssSelectorsEnabled=true, databaseEnabled=true, browserName=firefox,
                        handlesAlerts=true, browserConnectionEnabled=true, webStorageEnabled=true, nativeEvents=false, rotatable=false, locationContextEnabled=true,
                        applicationCacheEnabled=true, takesScreenshot=true, version=25.0.1}]
                        	at sun.reflect.NativeConstructorAccessorImpl.newInstance0(Native Method)
                        	at sun.reflect.NativeConstructorAccessorImpl.newInstance(Unknown Source)
                        	at sun.reflect.DelegatingConstructorAccessorImpl.newInstance(Unknown Source)
                        	at java.lang.reflect.Constructor.newInstance(Unknown Source)
                        	at org.openqa.selenium.remote.ErrorHandler.createThrowable(ErrorHandler.java:204)
                        	at org.openqa.selenium.remote.ErrorHandler.throwIfResponseFailed(ErrorHandler.java:156)
                        	at org.openqa.selenium.remote.RemoteWebDriver.execute(RemoteWebDriver.java:599)
                        	at org.openqa.selenium.remote.RemoteWebDriver.findElement(RemoteWebDriver.java:352)
                        	at org.openqa.selenium.remote.RemoteWebDriver.findElementByXPath(RemoteWebDriver.java:449)
                        	at org.openqa.selenium.By$ByXPath.findElement(By.java:357)
                        	at org.openqa.selenium.remote.RemoteWebDriver.findElement(RemoteWebDriver.java:344)
                        	at Core.Social_Link.Facebook_link(Social_Link.java:21)
                        	at TestCases.TestSocial_Links.Social_Links(TestSocial_Links.java:15)
                        	at sun.reflect.NativeMethodAccessorImpl.invoke0(Native Method)
                        	at sun.reflect.NativeMethodAccessorImpl.invoke(Unknown Source)
                        	at sun.reflect.DelegatingMethodAccessorImpl.invoke(Unknown Source)
                        	at java.lang.reflect.Method.invoke(Unknown Source)
                        	at org.testng.internal.MethodInvocationHelper.invokeMethod(MethodInvocationHelper.java:84)
                        	at org.testng.internal.Invoker.invokeMethod(Invoker.java:714)
                        	at org.testng.internal.Invoker.invokeTestMethod(Invoker.java:901)
                        	at org.testng.internal.Invoker.invokeTestMethods(Invoker.java:1231)
                        	at org.testng.internal.TestMethodWorker.invokeTestMethods(TestMethodWorker.java:127)
                        	at org.testng.internal.TestMethodWorker.run(TestMethodWorker.java:111)
                        	at org.testng.TestRunner.privateRun(TestRunner.java:767)
                        	at org.testng.TestRunner.run(TestRunner.java:617)
                        	at org.testng.SuiteRunner.runTest(SuiteRunner.java:334)
                        	at org.testng.SuiteRunner.runSequentially(SuiteRunner.java:329)
                        	at org.testng.SuiteRunner.privateRun(SuiteRunner.java:291)
                        	at org.testng.SuiteRunner.run(SuiteRunner.java:240)
                        	at org.testng.SuiteRunnerWorker.runSuite(SuiteRunnerWorker.java:52)
                        	at org.testng.SuiteRunnerWorker.run(SuiteRunnerWorker.java:86)
                        	at org.testng.TestNG.runSuitesSequentially(TestNG.java:1224)
                        	at org.testng.TestNG.runSuitesLocally(TestNG.java:1149)
                        	at org.testng.TestNG.run(TestNG.java:1057)
                        	at org.testng.TestNG.privateMain(TestNG.java:1364)
                        	at org.testng.TestNG.main(TestNG.java:1333)
                        Caused by: org.openqa.selenium.remote.ErrorHandler$UnknownServerException: Unable to locate element: {"method":"xpath","selector":"//*[@id='footer']/footer/div/div[1]/div[4]/ul/li[1]/a"}
                        Build info: version: '2.42.2', revision: '6a6995d', time: '2014-06-03 17:42:30'
                        System info: host: 'JATIN-PC', ip: '192.168.1.3', os.name: 'Windows 7', os.arch: 'x86', os.version: '6.1', java.version: '1.7.0_65'
                        Driver info: driver.version: unknown
                        	at &lt;anonymous class&gt;.FirefoxDriver.prototype.findElementInternal_(file:///C:/Users/JATIN/AppData/Local/Temp/anonymous6070120861598987093webdriver-profile/extensions/fxdriver@googlecode.com/components/driver_component.js:9470)
                        	at &lt;anonymous class&gt;.fxdriver.Timer.prototype.setTimeout/&lt;.notify(file:///C:/Users/JATIN/AppData/Local/Temp/anonymous6070120861598987093webdriver-profile/extensions/fxdriver@googlecode.com/components/driver_component.js:407)
                     </pre>
                  </div>
               </td>
            </tr>
            <tr id="TestCases.TestSocial_Links_tearDown_byClass_PASS4_row"
                class="testMethodStatusPASS testMethodStatusCONF">
               <td width="100%" class="firstMethodCell">
                  <a onclick="toggleDetailsVisibility('TestCases.TestSocial_Links_tearDown_byClass_PASS4_details')">tearDown()</a>
               </td>
               <td nowrap="true">17:28:33</td>
               <td nowrap="true" align="right">515 ms
                  
               </td>
               <td nowrap="true">
                   
                  
               </td>
            </tr>
            <tr>
               <td colspan="4" class="detailsBox">
                  <div id="TestCases.TestSocial_Links_tearDown_byClass_PASS4_details"
                       class="testMethodDetails">
                     <div>
                        <b>Name: </b>tearDown
                     </div>
                     <div>
                        <b>Signature: </b>tearDown()[pri:0, instance:TestCases.TestSocial_Links@4c8b84]
                     </div>
                     <div>
                        <b>Start time: </b>17:28:33
                     </div>
                     <div>
                        <b>End time: </b>17:28:33
                     </div>
                     <div>
                        <b>Duration: </b>515 ms
                        
                     </div>
                  </div>
               </td>
            </tr>
            <tr></tr>
         </table>
         <br></br>
      </div>
      <div style="margin-top: 15px; color: gray; text-align: center; font-size: 9px;">
         Generated with
         
         <a href="http://code.google.com/p/testng-xslt/" style="color: #8888aa;"
            target="_blank">
            TestNG XSLT
            
         </a>
      </div>
   </body>
</html>