<?xml version="1.0" encoding="UTF-8"?>
<testng-results skipped="0" failed="1" total="1" passed="0">
  <reporter-output>
  </reporter-output>
  <suite name="Default suite" duration-ms="9879" started-at="2014-11-26T08:27:38Z" finished-at="2014-11-26T08:27:48Z">
    <groups>
    </groups>
    <test name="Default test" duration-ms="9879" started-at="2014-11-26T08:27:38Z" finished-at="2014-11-26T08:27:48Z">
      <class name="TestCases.TestRandom">
        <test-method status="PASS" signature="setup()[pri:0, instance:TestCases.TestRandom@1666ada]" name="setup" is-config="true" duration-ms="18067" started-at="2014-11-26T13:57:20Z" finished-at="2014-11-26T13:57:38Z">
          <reporter-output>
          </reporter-output>
        </test-method> <!-- setup -->
        <test-method status="FAIL" signature="TestExistingToExisting_Login()[pri:0, instance:TestCases.TestRandom@1666ada]" name="TestExistingToExisting_Login" duration-ms="9841" started-at="2014-11-26T13:57:38Z" finished-at="2014-11-26T13:57:48Z">
          <exception class="org.openqa.selenium.ElementNotVisibleException">
            <message>
              <![CDATA[Element is not currently visible and so may not be interacted with
Command duration or timeout: 18 milliseconds
Build info: version: '2.42.2', revision: '6a6995d', time: '2014-06-03 17:42:30'
System info: host: 'JATIN-PC', ip: '192.168.107.1', os.name: 'Windows 7', os.arch: 'x86', os.version: '6.1', java.version: '1.7.0_65'
Session ID: 51de8231-a5d8-4847-a110-32c43d25cfd3
Driver info: org.openqa.selenium.firefox.FirefoxDriver
Capabilities [{platform=XP, acceptSslCerts=true, javascriptEnabled=true, cssSelectorsEnabled=true, databaseEnabled=true, browserName=firefox, handlesAlerts=true, browserConnectionEnabled=true, webStorageEnabled=true, nativeEvents=false, rotatable=false, locationContextEnabled=true, applicationCacheEnabled=true, takesScreenshot=true, version=25.0.1}]]]>
            </message>
            <full-stacktrace>
              <![CDATA[org.openqa.selenium.ElementNotVisibleException: Element is not currently visible and so may not be interacted with
Command duration or timeout: 18 milliseconds
Build info: version: '2.42.2', revision: '6a6995d', time: '2014-06-03 17:42:30'
System info: host: 'JATIN-PC', ip: '192.168.107.1', os.name: 'Windows 7', os.arch: 'x86', os.version: '6.1', java.version: '1.7.0_65'
Session ID: 51de8231-a5d8-4847-a110-32c43d25cfd3
Driver info: org.openqa.selenium.firefox.FirefoxDriver
Capabilities [{platform=XP, acceptSslCerts=true, javascriptEnabled=true, cssSelectorsEnabled=true, databaseEnabled=true, browserName=firefox, handlesAlerts=true, browserConnectionEnabled=true, webStorageEnabled=true, nativeEvents=false, rotatable=false, locationContextEnabled=true, applicationCacheEnabled=true, takesScreenshot=true, version=25.0.1}]
	at sun.reflect.NativeConstructorAccessorImpl.newInstance0(Native Method)
	at sun.reflect.NativeConstructorAccessorImpl.newInstance(Unknown Source)
	at sun.reflect.DelegatingConstructorAccessorImpl.newInstance(Unknown Source)
	at java.lang.reflect.Constructor.newInstance(Unknown Source)
	at org.openqa.selenium.remote.ErrorHandler.createThrowable(ErrorHandler.java:204)
	at org.openqa.selenium.remote.ErrorHandler.throwIfResponseFailed(ErrorHandler.java:156)
	at org.openqa.selenium.remote.RemoteWebDriver.execute(RemoteWebDriver.java:599)
	at org.openqa.selenium.remote.RemoteWebElement.execute(RemoteWebElement.java:268)
	at org.openqa.selenium.remote.RemoteWebElement.click(RemoteWebElement.java:79)
	at core.GiftExistingToExisting_Login.giftExistingUserToExistingUser_Login_25(GiftExistingToExisting_Login.java:25)
	at TestCases.TestRandom.TestExistingToExisting_Login(TestRandom.java:37)
	at sun.reflect.NativeMethodAccessorImpl.invoke0(Native Method)
	at sun.reflect.NativeMethodAccessorImpl.invoke(Unknown Source)
	at sun.reflect.DelegatingMethodAccessorImpl.invoke(Unknown Source)
	at java.lang.reflect.Method.invoke(Unknown Source)
	at org.testng.internal.MethodInvocationHelper.invokeMethod(MethodInvocationHelper.java:84)
	at org.testng.internal.Invoker.invokeMethod(Invoker.java:714)
	at org.testng.internal.Invoker.invokeTestMethod(Invoker.java:901)
	at org.testng.internal.Invoker.invokeTestMethods(Invoker.java:1231)
	at org.testng.internal.TestMethodWorker.invokeTestMethods(TestMethodWorker.java:127)
	at org.testng.internal.TestMethodWorker.run(TestMethodWorker.java:111)
	at org.testng.TestRunner.privateRun(TestRunner.java:767)
	at org.testng.TestRunner.run(TestRunner.java:617)
	at org.testng.SuiteRunner.runTest(SuiteRunner.java:334)
	at org.testng.SuiteRunner.runSequentially(SuiteRunner.java:329)
	at org.testng.SuiteRunner.privateRun(SuiteRunner.java:291)
	at org.testng.SuiteRunner.run(SuiteRunner.java:240)
	at org.testng.SuiteRunnerWorker.runSuite(SuiteRunnerWorker.java:52)
	at org.testng.SuiteRunnerWorker.run(SuiteRunnerWorker.java:86)
	at org.testng.TestNG.runSuitesSequentially(TestNG.java:1224)
	at org.testng.TestNG.runSuitesLocally(TestNG.java:1149)
	at org.testng.TestNG.run(TestNG.java:1057)
	at org.testng.remote.RemoteTestNG.run(RemoteTestNG.java:111)
	at org.testng.remote.RemoteTestNG.initAndRun(RemoteTestNG.java:204)
	at org.testng.remote.RemoteTestNG.main(RemoteTestNG.java:175)
Caused by: org.openqa.selenium.remote.ErrorHandler$UnknownServerException: Element is not currently visible and so may not be interacted with
Build info: version: '2.42.2', revision: '6a6995d', time: '2014-06-03 17:42:30'
System info: host: 'JATIN-PC', ip: '192.168.107.1', os.name: 'Windows 7', os.arch: 'x86', os.version: '6.1', java.version: '1.7.0_65'
Driver info: driver.version: unknown
	at <anonymous class>.fxdriver.preconditions.visible(file:///C:/Users/JATIN/AppData/Local/Temp/anonymous9146857456903675388webdriver-profile/extensions/fxdriver@googlecode.com/components/command_processor.js:8791)
	at <anonymous class>.DelayedCommand.prototype.checkPreconditions_(file:///C:/Users/JATIN/AppData/Local/Temp/anonymous9146857456903675388webdriver-profile/extensions/fxdriver@googlecode.com/components/command_processor.js:11438)
	at <anonymous class>.DelayedCommand.prototype.executeInternal_/h(file:///C:/Users/JATIN/AppData/Local/Temp/anonymous9146857456903675388webdriver-profile/extensions/fxdriver@googlecode.com/components/command_processor.js:11455)
	at <anonymous class>.DelayedCommand.prototype.executeInternal_(file:///C:/Users/JATIN/AppData/Local/Temp/anonymous9146857456903675388webdriver-profile/extensions/fxdriver@googlecode.com/components/command_processor.js:11460)
	at <anonymous class>.DelayedCommand.prototype.execute/<(file:///C:/Users/JATIN/AppData/Local/Temp/anonymous9146857456903675388webdriver-profile/extensions/fxdriver@googlecode.com/components/command_processor.js:11402)
]]>
            </full-stacktrace>
          </exception> <!-- org.openqa.selenium.ElementNotVisibleException -->
          <reporter-output>
          </reporter-output>
        </test-method> <!-- TestExistingToExisting_Login -->
        <test-method status="PASS" signature="tearDown()[pri:0, instance:TestCases.TestRandom@1666ada]" name="tearDown" is-config="true" duration-ms="342" started-at="2014-11-26T13:57:48Z" finished-at="2014-11-26T13:57:48Z">
          <reporter-output>
          </reporter-output>
        </test-method> <!-- tearDown -->
      </class> <!-- TestCases.TestRandom -->
    </test> <!-- Default test -->
  </suite> <!-- Default suite -->
</testng-results>
